<?xml version="1.0" encoding="UTF-8"?>
<coverage generated="1655096679238" clover="3.2.0">
  <project timestamp="1655096679239" name="All files">
    <metrics statements="241" coveredstatements="74" conditionals="45" coveredconditionals="12" methods="67" coveredmethods="30" elements="353" coveredelements="116" complexity="0" loc="241" ncloc="241" packages="26" files="49" classes="49"/>
    <package name="src">
      <metrics statements="12" coveredstatements="0" conditionals="4" coveredconditionals="0" methods="3" coveredmethods="0"/>
      <file name="App.tsx" path="C:\Users\91750\Documents\Zemoso_Folder\Zemoso_practice\React-zemoso\blinkist\src\App.tsx">
        <metrics statements="1" coveredstatements="0" conditionals="0" coveredconditionals="0" methods="1" coveredmethods="0"/>
        <line num="8" count="0" type="stmt"/>
      </file>
      <file name="index.tsx" path="C:\Users\91750\Documents\Zemoso_Folder\Zemoso_practice\React-zemoso\blinkist\src\index.tsx">
        <metrics statements="3" coveredstatements="0" conditionals="0" coveredconditionals="0" methods="0" coveredmethods="0"/>
        <line num="7" count="0" type="stmt"/>
        <line num="10" count="0" type="stmt"/>
        <line num="19" count="0" type="stmt"/>
      </file>
      <file name="reportWebVitals.ts" path="C:\Users\91750\Documents\Zemoso_Folder\Zemoso_practice\React-zemoso\blinkist\src\reportWebVitals.ts">
        <metrics statements="8" coveredstatements="0" conditionals="4" coveredconditionals="0" methods="2" coveredmethods="0"/>
        <line num="3" count="0" type="stmt"/>
        <line num="4" count="0" type="cond" truecount="0" falsecount="4"/>
        <line num="5" count="0" type="stmt"/>
        <line num="6" count="0" type="stmt"/>
        <line num="7" count="0" type="stmt"/>
        <line num="8" count="0" type="stmt"/>
        <line num="9" count="0" type="stmt"/>
        <line num="10" count="0" type="stmt"/>
      </file>
    </package>
    <package name="src.components.Organisms.BookDetailBody">
      <metrics statements="14" coveredstatements="0" conditionals="10" coveredconditionals="0" methods="6" coveredmethods="0"/>
      <file name="BookDetailBody.tsx" path="C:\Users\91750\Documents\Zemoso_Folder\Zemoso_practice\React-zemoso\blinkist\src\components\Organisms\BookDetailBody\BookDetailBody.tsx">
        <metrics statements="10" coveredstatements="0" conditionals="10" coveredconditionals="0" methods="5" coveredmethods="0"/>
        <line num="16" count="0" type="stmt"/>
        <line num="17" count="0" type="stmt"/>
        <line num="18" count="0" type="stmt"/>
        <line num="20" count="0" type="stmt"/>
        <line num="22" count="0" type="stmt"/>
        <line num="23" count="0" type="stmt"/>
        <line num="26" count="0" type="stmt"/>
        <line num="107" count="0" type="stmt"/>
        <line num="120" count="0" type="stmt"/>
        <line num="133" count="0" type="stmt"/>
      </file>
      <file name="BookDetails.stories.tsx" path="C:\Users\91750\Documents\Zemoso_Folder\Zemoso_practice\React-zemoso\blinkist\src\components\Organisms\BookDetailBody\BookDetails.stories.tsx">
        <metrics statements="4" coveredstatements="0" conditionals="0" coveredconditionals="0" methods="1" coveredmethods="0"/>
        <line num="12" count="0" type="stmt"/>
        <line num="13" count="0" type="stmt"/>
        <line num="16" count="0" type="stmt"/>
        <line num="17" count="0" type="stmt"/>
      </file>
    </package>
    <package name="src.components.Organisms.CardGrid">
      <metrics statements="7" coveredstatements="3" conditionals="0" coveredconditionals="0" methods="3" coveredmethods="2"/>
      <file name="CardGrid.tsx" path="C:\Users\91750\Documents\Zemoso_Folder\Zemoso_practice\React-zemoso\blinkist\src\components\Organisms\CardGrid\CardGrid.tsx">
        <metrics statements="3" coveredstatements="3" conditionals="0" coveredconditionals="0" methods="2" coveredmethods="2"/>
        <line num="23" count="2" type="stmt"/>
        <line num="24" count="2" type="stmt"/>
        <line num="28" count="10" type="stmt"/>
      </file>
      <file name="cardGrid.stories.tsx" path="C:\Users\91750\Documents\Zemoso_Folder\Zemoso_practice\React-zemoso\blinkist\src\components\Organisms\CardGrid\cardGrid.stories.tsx">
        <metrics statements="4" coveredstatements="0" conditionals="0" coveredconditionals="0" methods="1" coveredmethods="0"/>
        <line num="10" count="0" type="stmt"/>
        <line num="11" count="0" type="stmt"/>
        <line num="14" count="0" type="stmt"/>
        <line num="15" count="0" type="stmt"/>
      </file>
    </package>
    <package name="src.components.Organisms.EnterprenureInner">
      <metrics statements="3" coveredstatements="3" conditionals="0" coveredconditionals="0" methods="2" coveredmethods="2"/>
      <file name="EntrepreneurshipInner.tsx" path="C:\Users\91750\Documents\Zemoso_Folder\Zemoso_practice\React-zemoso\blinkist\src\components\Organisms\EnterprenureInner\EntrepreneurshipInner.tsx">
        <metrics statements="3" coveredstatements="3" conditionals="0" coveredconditionals="0" methods="2" coveredmethods="2"/>
        <line num="26" count="2" type="stmt"/>
        <line num="27" count="4" type="stmt"/>
        <line num="38" count="13" type="stmt"/>
      </file>
    </package>
    <package name="src.components.Organisms.Entrepreneurship">
      <metrics statements="5" coveredstatements="5" conditionals="0" coveredconditionals="0" methods="4" coveredmethods="4"/>
      <file name="Entrepreneurship.tsx" path="C:\Users\91750\Documents\Zemoso_Folder\Zemoso_practice\React-zemoso\blinkist\src\components\Organisms\Entrepreneurship\Entrepreneurship.tsx">
        <metrics statements="5" coveredstatements="5" conditionals="0" coveredconditionals="0" methods="4" coveredmethods="4"/>
        <line num="9" count="1" type="stmt"/>
        <line num="10" count="11" type="stmt"/>
        <line num="11" count="11" type="stmt"/>
        <line num="12" count="11" type="stmt"/>
        <line num="14" count="1" type="stmt"/>
      </file>
    </package>
    <package name="src.components.Organisms.Footer">
      <metrics statements="10" coveredstatements="6" conditionals="0" coveredconditionals="0" methods="5" coveredmethods="4"/>
      <file name="footer.stories.tsx" path="C:\Users\91750\Documents\Zemoso_Folder\Zemoso_practice\React-zemoso\blinkist\src\components\Organisms\Footer\footer.stories.tsx">
        <metrics statements="4" coveredstatements="0" conditionals="0" coveredconditionals="0" methods="1" coveredmethods="0"/>
        <line num="10" count="0" type="stmt"/>
        <line num="11" count="0" type="stmt"/>
        <line num="14" count="0" type="stmt"/>
        <line num="15" count="0" type="stmt"/>
      </file>
      <file name="footer.tsx" path="C:\Users\91750\Documents\Zemoso_Folder\Zemoso_practice\React-zemoso\blinkist\src\components\Organisms\Footer\footer.tsx">
        <metrics statements="6" coveredstatements="6" conditionals="0" coveredconditionals="0" methods="4" coveredmethods="4"/>
        <line num="8" count="1" type="stmt"/>
        <line num="12" count="1" type="stmt"/>
        <line num="13" count="1" type="stmt"/>
        <line num="52" count="4" type="stmt"/>
        <line num="77" count="5" type="stmt"/>
        <line num="102" count="4" type="stmt"/>
      </file>
    </package>
    <package name="src.components.Organisms.LibraryBody">
      <metrics statements="14" coveredstatements="8" conditionals="6" coveredconditionals="3" methods="6" coveredmethods="3"/>
      <file name="LibraryBody.stories.tsx" path="C:\Users\91750\Documents\Zemoso_Folder\Zemoso_practice\React-zemoso\blinkist\src\components\Organisms\LibraryBody\LibraryBody.stories.tsx">
        <metrics statements="4" coveredstatements="0" conditionals="0" coveredconditionals="0" methods="1" coveredmethods="0"/>
        <line num="10" count="0" type="stmt"/>
        <line num="11" count="0" type="stmt"/>
        <line num="14" count="0" type="stmt"/>
        <line num="15" count="0" type="stmt"/>
      </file>
      <file name="LibraryBody.tsx" path="C:\Users\91750\Documents\Zemoso_Folder\Zemoso_practice\React-zemoso\blinkist\src\components\Organisms\LibraryBody\LibraryBody.tsx">
        <metrics statements="10" coveredstatements="8" conditionals="6" coveredconditionals="3" methods="5" coveredmethods="3"/>
        <line num="10" count="1" type="stmt"/>
        <line num="11" count="1" type="stmt"/>
        <line num="13" count="1" type="stmt"/>
        <line num="14" count="0" type="stmt"/>
        <line num="17" count="1" type="stmt"/>
        <line num="18" count="0" type="stmt"/>
        <line num="21" count="1" type="stmt"/>
        <line num="22" count="11" type="stmt"/>
        <line num="25" count="11" type="stmt"/>
        <line num="27" count="1" type="stmt"/>
      </file>
    </package>
    <package name="src.components.Organisms.NavBannner">
      <metrics statements="6" coveredstatements="2" conditionals="0" coveredconditionals="0" methods="2" coveredmethods="1"/>
      <file name="NavBanner.tsx" path="C:\Users\91750\Documents\Zemoso_Folder\Zemoso_practice\React-zemoso\blinkist\src\components\Organisms\NavBannner\NavBanner.tsx">
        <metrics statements="2" coveredstatements="2" conditionals="0" coveredconditionals="0" methods="1" coveredmethods="1"/>
        <line num="6" count="2" type="stmt"/>
        <line num="7" count="2" type="stmt"/>
      </file>
      <file name="navBanner.stories.tsx" path="C:\Users\91750\Documents\Zemoso_Folder\Zemoso_practice\React-zemoso\blinkist\src\components\Organisms\NavBannner\navBanner.stories.tsx">
        <metrics statements="4" coveredstatements="0" conditionals="0" coveredconditionals="0" methods="1" coveredmethods="0"/>
        <line num="10" count="0" type="stmt"/>
        <line num="11" count="0" type="stmt"/>
        <line num="14" count="0" type="stmt"/>
        <line num="15" count="0" type="stmt"/>
      </file>
    </package>
    <package name="src.components.Organisms.Navbar">
      <metrics statements="13" coveredstatements="5" conditionals="8" coveredconditionals="2" methods="3" coveredmethods="1"/>
      <file name="Navbar.stories.tsx" path="C:\Users\91750\Documents\Zemoso_Folder\Zemoso_practice\React-zemoso\blinkist\src\components\Organisms\Navbar\Navbar.stories.tsx">
        <metrics statements="6" coveredstatements="0" conditionals="0" coveredconditionals="0" methods="1" coveredmethods="0"/>
        <line num="13" count="0" type="stmt"/>
        <line num="14" count="0" type="stmt"/>
        <line num="17" count="0" type="stmt"/>
        <line num="18" count="0" type="stmt"/>
        <line num="22" count="0" type="stmt"/>
        <line num="23" count="0" type="stmt"/>
      </file>
      <file name="Navbar.tsx" path="C:\Users\91750\Documents\Zemoso_Folder\Zemoso_practice\React-zemoso\blinkist\src\components\Organisms\Navbar\Navbar.tsx">
        <metrics statements="7" coveredstatements="5" conditionals="8" coveredconditionals="2" methods="2" coveredmethods="1"/>
        <line num="19" count="1" type="stmt"/>
        <line num="20" count="1" type="stmt"/>
        <line num="21" count="1" type="stmt"/>
        <line num="23" count="1" type="stmt"/>
        <line num="24" count="0" type="cond" truecount="0" falsecount="2"/>
        <line num="25" count="0" type="cond" truecount="0" falsecount="2"/>
        <line num="28" count="1" type="stmt"/>
      </file>
    </package>
    <package name="src.components.Organisms.NavbarDropdown">
      <metrics statements="10" coveredstatements="5" conditionals="0" coveredconditionals="0" methods="4" coveredmethods="2"/>
      <file name="NavbarDropdown.tsx" path="C:\Users\91750\Documents\Zemoso_Folder\Zemoso_practice\React-zemoso\blinkist\src\components\Organisms\NavbarDropdown\NavbarDropdown.tsx">
        <metrics statements="6" coveredstatements="5" conditionals="0" coveredconditionals="0" methods="3" coveredmethods="2"/>
        <line num="12" count="2" type="stmt"/>
        <line num="13" count="2" type="stmt"/>
        <line num="14" count="1" type="stmt"/>
        <line num="15" count="0" type="stmt"/>
        <line num="18" count="1" type="stmt"/>
        <line num="78" count="18" type="stmt"/>
      </file>
      <file name="navbarDropdown.stories.tsx" path="C:\Users\91750\Documents\Zemoso_Folder\Zemoso_practice\React-zemoso\blinkist\src\components\Organisms\NavbarDropdown\navbarDropdown.stories.tsx">
        <metrics statements="4" coveredstatements="0" conditionals="0" coveredconditionals="0" methods="1" coveredmethods="0"/>
        <line num="12" count="0" type="stmt"/>
        <line num="13" count="0" type="stmt"/>
        <line num="16" count="0" type="stmt"/>
        <line num="17" count="0" type="stmt"/>
      </file>
    </package>
    <package name="src.components.atoms.Buttons">
      <metrics statements="10" coveredstatements="2" conditionals="0" coveredconditionals="0" methods="2" coveredmethods="1"/>
      <file name="Button.stories.tsx" path="C:\Users\91750\Documents\Zemoso_Folder\Zemoso_practice\React-zemoso\blinkist\src\components\atoms\Buttons\Button.stories.tsx">
        <metrics statements="8" coveredstatements="0" conditionals="0" coveredconditionals="0" methods="1" coveredmethods="0"/>
        <line num="34" count="0" type="stmt"/>
        <line num="35" count="0" type="stmt"/>
        <line num="38" count="0" type="stmt"/>
        <line num="39" count="0" type="stmt"/>
        <line num="46" count="0" type="stmt"/>
        <line num="47" count="0" type="stmt"/>
        <line num="54" count="0" type="stmt"/>
        <line num="55" count="0" type="stmt"/>
      </file>
      <file name="Button.tsx" path="C:\Users\91750\Documents\Zemoso_Folder\Zemoso_practice\React-zemoso\blinkist\src\components\atoms\Buttons\Button.tsx">
        <metrics statements="2" coveredstatements="2" conditionals="0" coveredconditionals="0" methods="1" coveredmethods="1"/>
        <line num="25" count="2" type="stmt"/>
        <line num="26" count="4" type="stmt"/>
      </file>
    </package>
    <package name="src.components.atoms.IconButtons">
      <metrics statements="7" coveredstatements="2" conditionals="0" coveredconditionals="0" methods="2" coveredmethods="1"/>
      <file name="IconButton.stories.tsx" path="C:\Users\91750\Documents\Zemoso_Folder\Zemoso_practice\React-zemoso\blinkist\src\components\atoms\IconButtons\IconButton.stories.tsx">
        <metrics statements="5" coveredstatements="0" conditionals="0" coveredconditionals="0" methods="1" coveredmethods="0"/>
        <line num="36" count="0" type="stmt"/>
        <line num="38" count="0" type="stmt"/>
        <line num="39" count="0" type="stmt"/>
        <line num="44" count="0" type="stmt"/>
        <line num="45" count="0" type="stmt"/>
      </file>
      <file name="IconButton.tsx" path="C:\Users\91750\Documents\Zemoso_Folder\Zemoso_practice\React-zemoso\blinkist\src\components\atoms\IconButtons\IconButton.tsx">
        <metrics statements="2" coveredstatements="2" conditionals="0" coveredconditionals="0" methods="1" coveredmethods="1"/>
        <line num="18" count="11" type="stmt"/>
        <line num="19" count="96" type="stmt"/>
      </file>
    </package>
    <package name="src.components.atoms.Image">
      <metrics statements="28" coveredstatements="3" conditionals="0" coveredconditionals="0" methods="2" coveredmethods="1"/>
      <file name="Image.stories.tsx" path="C:\Users\91750\Documents\Zemoso_Folder\Zemoso_practice\React-zemoso\blinkist\src\components\atoms\Image\Image.stories.tsx">
        <metrics statements="25" coveredstatements="0" conditionals="0" coveredconditionals="0" methods="1" coveredmethods="0"/>
        <line num="29" count="0" type="stmt"/>
        <line num="31" count="0" type="stmt"/>
        <line num="32" count="0" type="stmt"/>
        <line num="36" count="0" type="stmt"/>
        <line num="37" count="0" type="stmt"/>
        <line num="41" count="0" type="stmt"/>
        <line num="42" count="0" type="stmt"/>
        <line num="46" count="0" type="stmt"/>
        <line num="47" count="0" type="stmt"/>
        <line num="51" count="0" type="stmt"/>
        <line num="52" count="0" type="stmt"/>
        <line num="56" count="0" type="stmt"/>
        <line num="57" count="0" type="stmt"/>
        <line num="61" count="0" type="stmt"/>
        <line num="62" count="0" type="stmt"/>
        <line num="66" count="0" type="stmt"/>
        <line num="67" count="0" type="stmt"/>
        <line num="71" count="0" type="stmt"/>
        <line num="72" count="0" type="stmt"/>
        <line num="76" count="0" type="stmt"/>
        <line num="77" count="0" type="stmt"/>
        <line num="81" count="0" type="stmt"/>
        <line num="82" count="0" type="stmt"/>
        <line num="86" count="0" type="stmt"/>
        <line num="87" count="0" type="stmt"/>
      </file>
      <file name="Image.tsx" path="C:\Users\91750\Documents\Zemoso_Folder\Zemoso_practice\React-zemoso\blinkist\src\components\atoms\Image\Image.tsx">
        <metrics statements="3" coveredstatements="3" conditionals="0" coveredconditionals="0" methods="1" coveredmethods="1"/>
        <line num="8" count="8" type="stmt"/>
        <line num="9" count="27" type="stmt"/>
        <line num="11" count="27" type="stmt"/>
      </file>
    </package>
    <package name="src.components.molecules.IconWithText">
      <metrics statements="6" coveredstatements="2" conditionals="0" coveredconditionals="0" methods="2" coveredmethods="1"/>
      <file name="IconText.stories.tsx" path="C:\Users\91750\Documents\Zemoso_Folder\Zemoso_practice\React-zemoso\blinkist\src\components\molecules\IconWithText\IconText.stories.tsx">
        <metrics statements="4" coveredstatements="0" conditionals="0" coveredconditionals="0" methods="1" coveredmethods="0"/>
        <line num="31" count="0" type="stmt"/>
        <line num="32" count="0" type="stmt"/>
        <line num="35" count="0" type="stmt"/>
        <line num="36" count="0" type="stmt"/>
      </file>
      <file name="IconText.tsx" path="C:\Users\91750\Documents\Zemoso_Folder\Zemoso_practice\React-zemoso\blinkist\src\components\molecules\IconWithText\IconText.tsx">
        <metrics statements="2" coveredstatements="2" conditionals="0" coveredconditionals="0" methods="1" coveredmethods="1"/>
        <line num="26" count="3" type="stmt"/>
        <line num="27" count="19" type="stmt"/>
      </file>
    </package>
    <package name="src.components.molecules.InfoCards">
      <metrics statements="17" coveredstatements="8" conditionals="6" coveredconditionals="2" methods="4" coveredmethods="2"/>
      <file name="Infocard.tsx" path="C:\Users\91750\Documents\Zemoso_Folder\Zemoso_practice\React-zemoso\blinkist\src\components\molecules\InfoCards\Infocard.tsx">
        <metrics statements="13" coveredstatements="8" conditionals="6" coveredconditionals="2" methods="3" coveredmethods="2"/>
        <line num="26" count="5" type="stmt"/>
        <line num="27" count="24" type="stmt"/>
        <line num="28" count="24" type="stmt"/>
        <line num="29" count="0" type="stmt"/>
        <line num="34" count="24" type="stmt"/>
        <line num="35" count="24" type="cond" truecount="2" falsecount="4"/>
        <line num="37" count="23" type="stmt"/>
        <line num="56" count="0" type="stmt"/>
        <line num="77" count="1" type="stmt"/>
        <line num="112" count="0" type="stmt"/>
        <line num="136" count="0" type="stmt"/>
        <line num="172" count="0" type="stmt"/>
        <line num="176" count="24" type="stmt"/>
      </file>
      <file name="infoCard.stories.tsx" path="C:\Users\91750\Documents\Zemoso_Folder\Zemoso_practice\React-zemoso\blinkist\src\components\molecules\InfoCards\infoCard.stories.tsx">
        <metrics statements="4" coveredstatements="0" conditionals="0" coveredconditionals="0" methods="1" coveredmethods="0"/>
        <line num="24" count="0" type="stmt"/>
        <line num="25" count="0" type="stmt"/>
        <line num="28" count="0" type="stmt"/>
        <line num="29" count="0" type="stmt"/>
      </file>
    </package>
    <package name="src.components.molecules.SearchBar">
      <metrics statements="7" coveredstatements="3" conditionals="0" coveredconditionals="0" methods="2" coveredmethods="1"/>
      <file name="Searchbar.tsx" path="C:\Users\91750\Documents\Zemoso_Folder\Zemoso_practice\React-zemoso\blinkist\src\components\molecules\SearchBar\Searchbar.tsx">
        <metrics statements="3" coveredstatements="3" conditionals="0" coveredconditionals="0" methods="1" coveredmethods="1"/>
        <line num="11" count="2" type="stmt"/>
        <line num="19" count="2" type="stmt"/>
        <line num="20" count="2" type="stmt"/>
      </file>
      <file name="searchbar.stories.tsx" path="C:\Users\91750\Documents\Zemoso_Folder\Zemoso_practice\React-zemoso\blinkist\src\components\molecules\SearchBar\searchbar.stories.tsx">
        <metrics statements="4" coveredstatements="0" conditionals="0" coveredconditionals="0" methods="1" coveredmethods="0"/>
        <line num="14" count="0" type="stmt"/>
        <line num="15" count="0" type="stmt"/>
        <line num="18" count="0" type="stmt"/>
        <line num="19" count="0" type="stmt"/>
      </file>
    </package>
    <package name="src.components.molecules.SimpleButton.tsx">
      <metrics statements="22" coveredstatements="7" conditionals="6" coveredconditionals="3" methods="3" coveredmethods="2"/>
      <file name="SimpleButton.tsx" path="C:\Users\91750\Documents\Zemoso_Folder\Zemoso_practice\React-zemoso\blinkist\src\components\molecules\SimpleButton.tsx\SimpleButton.tsx">
        <metrics statements="10" coveredstatements="7" conditionals="6" coveredconditionals="3" methods="2" coveredmethods="2"/>
        <line num="16" count="6" type="stmt"/>
        <line num="17" count="72" type="stmt"/>
        <line num="18" count="72" type="cond" truecount="3" falsecount="3"/>
        <line num="20" count="0" type="stmt"/>
        <line num="36" count="1" type="stmt"/>
        <line num="52" count="23" type="stmt"/>
        <line num="76" count="0" type="stmt"/>
        <line num="101" count="48" type="stmt"/>
        <line num="121" count="0" type="stmt"/>
        <line num="145" count="72" type="stmt"/>
      </file>
      <file name="simpleButton.stories.tsx" path="C:\Users\91750\Documents\Zemoso_Folder\Zemoso_practice\React-zemoso\blinkist\src\components\molecules\SimpleButton.tsx\simpleButton.stories.tsx">
        <metrics statements="12" coveredstatements="0" conditionals="0" coveredconditionals="0" methods="1" coveredmethods="0"/>
        <line num="20" count="0" type="stmt"/>
        <line num="21" count="0" type="stmt"/>
        <line num="24" count="0" type="stmt"/>
        <line num="25" count="0" type="stmt"/>
        <line num="30" count="0" type="stmt"/>
        <line num="31" count="0" type="stmt"/>
        <line num="36" count="0" type="stmt"/>
        <line num="37" count="0" type="stmt"/>
        <line num="43" count="0" type="stmt"/>
        <line num="44" count="0" type="stmt"/>
        <line num="50" count="0" type="stmt"/>
        <line num="51" count="0" type="stmt"/>
      </file>
    </package>
    <package name="src.components.molecules.UnderlinedButton">
      <metrics statements="21" coveredstatements="6" conditionals="5" coveredconditionals="2" methods="3" coveredmethods="2"/>
      <file name="UnderlineButton.tsx" path="C:\Users\91750\Documents\Zemoso_Folder\Zemoso_practice\React-zemoso\blinkist\src\components\molecules\UnderlinedButton\UnderlineButton.tsx">
        <metrics statements="9" coveredstatements="6" conditionals="5" coveredconditionals="2" methods="2" coveredmethods="2"/>
        <line num="16" count="2" type="stmt"/>
        <line num="17" count="4" type="stmt"/>
        <line num="18" count="4" type="cond" truecount="2" falsecount="3"/>
        <line num="20" count="1" type="stmt"/>
        <line num="43" count="0" type="stmt"/>
        <line num="66" count="0" type="stmt"/>
        <line num="89" count="3" type="stmt"/>
        <line num="112" count="0" type="stmt"/>
        <line num="135" count="4" type="stmt"/>
      </file>
      <file name="underlinebutton.stories.tsx" path="C:\Users\91750\Documents\Zemoso_Folder\Zemoso_practice\React-zemoso\blinkist\src\components\molecules\UnderlinedButton\underlinebutton.stories.tsx">
        <metrics statements="12" coveredstatements="0" conditionals="0" coveredconditionals="0" methods="1" coveredmethods="0"/>
        <line num="19" count="0" type="stmt"/>
        <line num="20" count="0" type="stmt"/>
        <line num="23" count="0" type="stmt"/>
        <line num="24" count="0" type="stmt"/>
        <line num="29" count="0" type="stmt"/>
        <line num="30" count="0" type="stmt"/>
        <line num="35" count="0" type="stmt"/>
        <line num="36" count="0" type="stmt"/>
        <line num="41" count="0" type="stmt"/>
        <line num="42" count="0" type="stmt"/>
        <line num="47" count="0" type="stmt"/>
        <line num="48" count="0" type="stmt"/>
      </file>
    </package>
    <package name="src.components.templates.BookDetails">
      <metrics statements="6" coveredstatements="0" conditionals="0" coveredconditionals="0" methods="2" coveredmethods="0"/>
      <file name="BookDetail.tsx" path="C:\Users\91750\Documents\Zemoso_Folder\Zemoso_practice\React-zemoso\blinkist\src\components\templates\BookDetails\BookDetail.tsx">
        <metrics statements="2" coveredstatements="0" conditionals="0" coveredconditionals="0" methods="1" coveredmethods="0"/>
        <line num="9" count="0" type="stmt"/>
        <line num="10" count="0" type="stmt"/>
      </file>
      <file name="bookDetail.stories.tsx" path="C:\Users\91750\Documents\Zemoso_Folder\Zemoso_practice\React-zemoso\blinkist\src\components\templates\BookDetails\bookDetail.stories.tsx">
        <metrics statements="4" coveredstatements="0" conditionals="0" coveredconditionals="0" methods="1" coveredmethods="0"/>
        <line num="14" count="0" type="stmt"/>
        <line num="15" count="0" type="stmt"/>
        <line num="18" count="0" type="stmt"/>
        <line num="19" count="0" type="stmt"/>
      </file>
    </package>
    <package name="src.components.templates.Entrapreneurpage">
      <metrics statements="6" coveredstatements="0" conditionals="0" coveredconditionals="0" methods="2" coveredmethods="0"/>
      <file name="Entrapreneur.tsx" path="C:\Users\91750\Documents\Zemoso_Folder\Zemoso_practice\React-zemoso\blinkist\src\components\templates\Entrapreneurpage\Entrapreneur.tsx">
        <metrics statements="2" coveredstatements="0" conditionals="0" coveredconditionals="0" methods="1" coveredmethods="0"/>
        <line num="9" count="0" type="stmt"/>
        <line num="10" count="0" type="stmt"/>
      </file>
      <file name="enreapreneur.stories.tsx" path="C:\Users\91750\Documents\Zemoso_Folder\Zemoso_practice\React-zemoso\blinkist\src\components\templates\Entrapreneurpage\enreapreneur.stories.tsx">
        <metrics statements="4" coveredstatements="0" conditionals="0" coveredconditionals="0" methods="1" coveredmethods="0"/>
        <line num="14" count="0" type="stmt"/>
        <line num="15" count="0" type="stmt"/>
        <line num="18" count="0" type="stmt"/>
        <line num="19" count="0" type="stmt"/>
      </file>
    </package>
    <package name="src.components.templates.LibraryPage">
      <metrics statements="6" coveredstatements="0" conditionals="0" coveredconditionals="0" methods="2" coveredmethods="0"/>
      <file name="LibraryPage.tsx" path="C:\Users\91750\Documents\Zemoso_Folder\Zemoso_practice\React-zemoso\blinkist\src\components\templates\LibraryPage\LibraryPage.tsx">
        <metrics statements="2" coveredstatements="0" conditionals="0" coveredconditionals="0" methods="1" coveredmethods="0"/>
        <line num="9" count="0" type="stmt"/>
        <line num="10" count="0" type="stmt"/>
      </file>
      <file name="Librarypage.stories.tsx" path="C:\Users\91750\Documents\Zemoso_Folder\Zemoso_practice\React-zemoso\blinkist\src\components\templates\LibraryPage\Librarypage.stories.tsx">
        <metrics statements="4" coveredstatements="0" conditionals="0" coveredconditionals="0" methods="1" coveredmethods="0"/>
        <line num="14" count="0" type="stmt"/>
        <line num="15" count="0" type="stmt"/>
        <line num="18" count="0" type="stmt"/>
        <line num="19" count="0" type="stmt"/>
      </file>
    </package>
    <package name="src.data">
      <metrics statements="4" coveredstatements="3" conditionals="0" coveredconditionals="0" methods="0" coveredmethods="0"/>
      <file name="BookDescription.tsx" path="C:\Users\91750\Documents\Zemoso_Folder\Zemoso_practice\React-zemoso\blinkist\src\data\BookDescription.tsx">
        <metrics statements="1" coveredstatements="0" conditionals="0" coveredconditionals="0" methods="0" coveredmethods="0"/>
        <line num="1" count="0" type="stmt"/>
      </file>
      <file name="BooksDetails.tsx" path="C:\Users\91750\Documents\Zemoso_Folder\Zemoso_practice\React-zemoso\blinkist\src\data\BooksDetails.tsx">
        <metrics statements="1" coveredstatements="1" conditionals="0" coveredconditionals="0" methods="0" coveredmethods="0"/>
        <line num="12" count="2" type="stmt"/>
      </file>
      <file name="NavDropdownData.tsx" path="C:\Users\91750\Documents\Zemoso_Folder\Zemoso_practice\React-zemoso\blinkist\src\data\NavDropdownData.tsx">
        <metrics statements="1" coveredstatements="1" conditionals="0" coveredconditionals="0" methods="0" coveredmethods="0"/>
        <line num="20" count="2" type="stmt"/>
      </file>
      <file name="NavFooterData.tsx" path="C:\Users\91750\Documents\Zemoso_Folder\Zemoso_practice\React-zemoso\blinkist\src\data\NavFooterData.tsx">
        <metrics statements="1" coveredstatements="1" conditionals="0" coveredconditionals="0" methods="0" coveredmethods="0"/>
        <line num="1" count="1" type="stmt"/>
      </file>
    </package>
    <package name="src.pages.BookDetails">
      <metrics statements="2" coveredstatements="0" conditionals="0" coveredconditionals="0" methods="1" coveredmethods="0"/>
      <file name="index.tsx" path="C:\Users\91750\Documents\Zemoso_Folder\Zemoso_practice\React-zemoso\blinkist\src\pages\BookDetails\index.tsx">
        <metrics statements="2" coveredstatements="0" conditionals="0" coveredconditionals="0" methods="1" coveredmethods="0"/>
        <line num="6" count="0" type="stmt"/>
        <line num="7" count="0" type="stmt"/>
      </file>
    </package>
    <package name="src.pages.Entrepreneure">
      <metrics statements="2" coveredstatements="0" conditionals="0" coveredconditionals="0" methods="1" coveredmethods="0"/>
      <file name="index.tsx" path="C:\Users\91750\Documents\Zemoso_Folder\Zemoso_practice\React-zemoso\blinkist\src\pages\Entrepreneure\index.tsx">
        <metrics statements="2" coveredstatements="0" conditionals="0" coveredconditionals="0" methods="1" coveredmethods="0"/>
        <line num="6" count="0" type="stmt"/>
        <line num="7" count="0" type="stmt"/>
      </file>
    </package>
    <package name="src.pages.Library">
      <metrics statements="2" coveredstatements="0" conditionals="0" coveredconditionals="0" methods="1" coveredmethods="0"/>
      <file name="index.tsx" path="C:\Users\91750\Documents\Zemoso_Folder\Zemoso_practice\React-zemoso\blinkist\src\pages\Library\index.tsx">
        <metrics statements="2" coveredstatements="0" conditionals="0" coveredconditionals="0" methods="1" coveredmethods="0"/>
        <line num="6" count="0" type="stmt"/>
        <line num="7" count="0" type="stmt"/>
      </file>
    </package>
    <package name="src.theme">
      <metrics statements="1" coveredstatements="1" conditionals="0" coveredconditionals="0" methods="0" coveredmethods="0"/>
      <file name="theme.tsx" path="C:\Users\91750\Documents\Zemoso_Folder\Zemoso_practice\React-zemoso\blinkist\src\theme\theme.tsx">
        <metrics statements="1" coveredstatements="1" conditionals="0" coveredconditionals="0" methods="0" coveredmethods="0"/>
        <line num="3" count="10" type="stmt"/>
      </file>
    </package>
  </project>
</coverage>
