{"C:\\Users\\91750\\Documents\\Zemoso_Folder\\Zemoso_practice\\React-zemoso\\blinkist\\src\\App.tsx": {"path":"C:\\Users\\91750\\Documents\\Zemoso_Folder\\Zemoso_practice\\React-zemoso\\blinkist\\src\\App.tsx","statementMap":{"0":{"start":{"line":8,"column":2},"end":{"line":18,"column":4}}},"fnMap":{"0":{"name":"App","decl":{"start":{"line":7,"column":9},"end":{"line":7,"column":12}},"loc":{"start":{"line":7,"column":15},"end":{"line":19,"column":1}},"line":7}},"branchMap":{},"s":{"0":0},"f":{"0":0},"b":{}}
,"C:\\Users\\91750\\Documents\\Zemoso_Folder\\Zemoso_practice\\React-zemoso\\blinkist\\src\\index.tsx": {"path":"C:\\Users\\91750\\Documents\\Zemoso_Folder\\Zemoso_practice\\React-zemoso\\blinkist\\src\\index.tsx","statementMap":{"0":{"start":{"line":7,"column":13},"end":{"line":9,"column":1}},"1":{"start":{"line":10,"column":0},"end":{"line":14,"column":2}},"2":{"start":{"line":19,"column":0},"end":{"line":19,"column":18}}},"fnMap":{},"branchMap":{},"s":{"0":0,"1":0,"2":0},"f":{},"b":{}}
,"C:\\Users\\91750\\Documents\\Zemoso_Folder\\Zemoso_practice\\React-zemoso\\blinkist\\src\\reportWebVitals.ts": {"path":"C:\\Users\\91750\\Documents\\Zemoso_Folder\\Zemoso_practice\\React-zemoso\\blinkist\\src\\reportWebVitals.ts","statementMap":{"0":{"start":{"line":3,"column":24},"end":{"line":13,"column":1}},"1":{"start":{"line":4,"column":2},"end":{"line":12,"column":3}},"2":{"start":{"line":5,"column":4},"end":{"line":11,"column":7}},"3":{"start":{"line":6,"column":6},"end":{"line":6,"column":26}},"4":{"start":{"line":7,"column":6},"end":{"line":7,"column":26}},"5":{"start":{"line":8,"column":6},"end":{"line":8,"column":26}},"6":{"start":{"line":9,"column":6},"end":{"line":9,"column":26}},"7":{"start":{"line":10,"column":6},"end":{"line":10,"column":27}}},"fnMap":{"0":{"name":"(anonymous_0)","decl":{"start":{"line":3,"column":24},"end":{"line":3,"column":25}},"loc":{"start":{"line":3,"column":57},"end":{"line":13,"column":1}},"line":3},"1":{"name":"(anonymous_1)","decl":{"start":{"line":5,"column":30},"end":{"line":5,"column":31}},"loc":{"start":{"line":5,"column":79},"end":{"line":11,"column":5}},"line":5}},"branchMap":{"0":{"loc":{"start":{"line":4,"column":2},"end":{"line":12,"column":3}},"type":"if","locations":[{"start":{"line":4,"column":2},"end":{"line":12,"column":3}},{"start":{},"end":{}}],"line":4},"1":{"loc":{"start":{"line":4,"column":6},"end":{"line":4,"column":52}},"type":"binary-expr","locations":[{"start":{"line":4,"column":6},"end":{"line":4,"column":17}},{"start":{"line":4,"column":21},"end":{"line":4,"column":52}}],"line":4}},"s":{"0":0,"1":0,"2":0,"3":0,"4":0,"5":0,"6":0,"7":0},"f":{"0":0,"1":0},"b":{"0":[0,0],"1":[0,0]}}
,"C:\\Users\\91750\\Documents\\Zemoso_Folder\\Zemoso_practice\\React-zemoso\\blinkist\\src\\components\\Organisms\\BookDetailBody\\BookDetailBody.tsx": {"path":"C:\\Users\\91750\\Documents\\Zemoso_Folder\\Zemoso_practice\\React-zemoso\\blinkist\\src\\components\\Organisms\\BookDetailBody\\BookDetailBody.tsx","statementMap":{"0":{"start":{"line":16,"column":39},"end":{"line":174,"column":1}},"1":{"start":{"line":17,"column":24},"end":{"line":17,"column":37}},"2":{"start":{"line":18,"column":2},"end":{"line":18,"column":31}},"3":{"start":{"line":20,"column":38},"end":{"line":20,"column":49}},"4":{"start":{"line":22,"column":33},"end":{"line":24,"column":3}},"5":{"start":{"line":23,"column":4},"end":{"line":23,"column":23}},"6":{"start":{"line":26,"column":2},"end":{"line":173,"column":4}},"7":{"start":{"line":107,"column":31},"end":{"line":107,"column":46}},"8":{"start":{"line":120,"column":31},"end":{"line":120,"column":46}},"9":{"start":{"line":133,"column":31},"end":{"line":133,"column":46}}},"fnMap":{"0":{"name":"(anonymous_0)","decl":{"start":{"line":16,"column":39},"end":{"line":16,"column":40}},"loc":{"start":{"line":16,"column":68},"end":{"line":174,"column":1}},"line":16},"1":{"name":"(anonymous_1)","decl":{"start":{"line":22,"column":33},"end":{"line":22,"column":34}},"loc":{"start":{"line":22,"column":56},"end":{"line":24,"column":3}},"line":22},"2":{"name":"(anonymous_2)","decl":{"start":{"line":107,"column":25},"end":{"line":107,"column":26}},"loc":{"start":{"line":107,"column":31},"end":{"line":107,"column":46}},"line":107},"3":{"name":"(anonymous_3)","decl":{"start":{"line":120,"column":25},"end":{"line":120,"column":26}},"loc":{"start":{"line":120,"column":31},"end":{"line":120,"column":46}},"line":120},"4":{"name":"(anonymous_4)","decl":{"start":{"line":133,"column":25},"end":{"line":133,"column":26}},"loc":{"start":{"line":133,"column":31},"end":{"line":133,"column":46}},"line":133}},"branchMap":{"0":{"loc":{"start":{"line":113,"column":20},"end":{"line":115,"column":45}},"type":"cond-expr","locations":[{"start":{"line":114,"column":24},"end":{"line":114,"column":45}},{"start":{"line":115,"column":24},"end":{"line":115,"column":45}}],"line":113},"1":{"loc":{"start":{"line":126,"column":20},"end":{"line":128,"column":45}},"type":"cond-expr","locations":[{"start":{"line":127,"column":24},"end":{"line":127,"column":45}},{"start":{"line":128,"column":24},"end":{"line":128,"column":45}}],"line":126},"2":{"loc":{"start":{"line":139,"column":20},"end":{"line":141,"column":45}},"type":"cond-expr","locations":[{"start":{"line":140,"column":24},"end":{"line":140,"column":45}},{"start":{"line":141,"column":24},"end":{"line":141,"column":45}}],"line":139},"3":{"loc":{"start":{"line":162,"column":17},"end":{"line":166,"column":51}},"type":"cond-expr","locations":[{"start":{"line":163,"column":20},"end":{"line":163,"column":49}},{"start":{"line":164,"column":20},"end":{"line":166,"column":51}}],"line":162},"4":{"loc":{"start":{"line":164,"column":20},"end":{"line":166,"column":51}},"type":"cond-expr","locations":[{"start":{"line":165,"column":20},"end":{"line":165,"column":51}},{"start":{"line":166,"column":20},"end":{"line":166,"column":51}}],"line":164}},"s":{"0":0,"1":0,"2":0,"3":0,"4":0,"5":0,"6":0,"7":0,"8":0,"9":0},"f":{"0":0,"1":0,"2":0,"3":0,"4":0},"b":{"0":[0,0],"1":[0,0],"2":[0,0],"3":[0,0],"4":[0,0]}}
,"C:\\Users\\91750\\Documents\\Zemoso_Folder\\Zemoso_practice\\React-zemoso\\blinkist\\src\\components\\Organisms\\BookDetailBody\\BookDetails.stories.tsx": {"path":"C:\\Users\\91750\\Documents\\Zemoso_Folder\\Zemoso_practice\\React-zemoso\\blinkist\\src\\components\\Organisms\\BookDetailBody\\BookDetails.stories.tsx","statementMap":{"0":{"start":{"line":12,"column":42},"end":{"line":14,"column":1}},"1":{"start":{"line":13,"column":2},"end":{"line":13,"column":63}},"2":{"start":{"line":16,"column":30},"end":{"line":16,"column":47}},"3":{"start":{"line":17,"column":0},"end":{"line":17,"column":25}}},"fnMap":{"0":{"name":"(anonymous_0)","decl":{"start":{"line":12,"column":42},"end":{"line":12,"column":43}},"loc":{"start":{"line":13,"column":2},"end":{"line":13,"column":63}},"line":13}},"branchMap":{},"s":{"0":0,"1":0,"2":0,"3":0},"f":{"0":0},"b":{}}
,"C:\\Users\\91750\\Documents\\Zemoso_Folder\\Zemoso_practice\\React-zemoso\\blinkist\\src\\components\\Organisms\\CardGrid\\CardGrid.tsx": {"path":"C:\\Users\\91750\\Documents\\Zemoso_Folder\\Zemoso_practice\\React-zemoso\\blinkist\\src\\components\\Organisms\\CardGrid\\CardGrid.tsx","statementMap":{"0":{"start":{"line":23,"column":33},"end":{"line":44,"column":1}},"1":{"start":{"line":24,"column":2},"end":{"line":43,"column":4}},"2":{"start":{"line":28,"column":10},"end":{"line":39,"column":12}}},"fnMap":{"0":{"name":"(anonymous_0)","decl":{"start":{"line":23,"column":33},"end":{"line":23,"column":34}},"loc":{"start":{"line":23,"column":59},"end":{"line":44,"column":1}},"line":23},"1":{"name":"(anonymous_1)","decl":{"start":{"line":27,"column":29},"end":{"line":27,"column":30}},"loc":{"start":{"line":27,"column":39},"end":{"line":40,"column":9}},"line":27}},"branchMap":{},"s":{"0":2,"1":2,"2":10},"f":{"0":2,"1":10},"b":{},"_coverageSchema":"1a1c01bbd47fc00a2c39e90264f33305004495a9","hash":"a496f4f3916c9d4e0657151ee0c44fe709471e06"}
,"C:\\Users\\91750\\Documents\\Zemoso_Folder\\Zemoso_practice\\React-zemoso\\blinkist\\src\\components\\Organisms\\CardGrid\\cardGrid.stories.tsx": {"path":"C:\\Users\\91750\\Documents\\Zemoso_Folder\\Zemoso_practice\\React-zemoso\\blinkist\\src\\components\\Organisms\\CardGrid\\cardGrid.stories.tsx","statementMap":{"0":{"start":{"line":10,"column":39},"end":{"line":12,"column":1}},"1":{"start":{"line":11,"column":2},"end":{"line":11,"column":51}},"2":{"start":{"line":14,"column":24},"end":{"line":14,"column":41}},"3":{"start":{"line":15,"column":0},"end":{"line":15,"column":19}}},"fnMap":{"0":{"name":"(anonymous_0)","decl":{"start":{"line":10,"column":39},"end":{"line":10,"column":40}},"loc":{"start":{"line":11,"column":2},"end":{"line":11,"column":51}},"line":11}},"branchMap":{},"s":{"0":0,"1":0,"2":0,"3":0},"f":{"0":0},"b":{}}
,"C:\\Users\\91750\\Documents\\Zemoso_Folder\\Zemoso_practice\\React-zemoso\\blinkist\\src\\components\\Organisms\\EnterprenureInner\\EntrepreneurshipInner.tsx": {"path":"C:\\Users\\91750\\Documents\\Zemoso_Folder\\Zemoso_practice\\React-zemoso\\blinkist\\src\\components\\Organisms\\EnterprenureInner\\EntrepreneurshipInner.tsx","statementMap":{"0":{"start":{"line":26,"column":46},"end":{"line":55,"column":1}},"1":{"start":{"line":27,"column":2},"end":{"line":54,"column":4}},"2":{"start":{"line":38,"column":12},"end":{"line":49,"column":14}}},"fnMap":{"0":{"name":"(anonymous_0)","decl":{"start":{"line":26,"column":46},"end":{"line":26,"column":47}},"loc":{"start":{"line":26,"column":72},"end":{"line":55,"column":1}},"line":26},"1":{"name":"(anonymous_1)","decl":{"start":{"line":37,"column":31},"end":{"line":37,"column":32}},"loc":{"start":{"line":37,"column":41},"end":{"line":50,"column":11}},"line":37}},"branchMap":{},"s":{"0":2,"1":4,"2":13},"f":{"0":4,"1":13},"b":{},"_coverageSchema":"1a1c01bbd47fc00a2c39e90264f33305004495a9","hash":"1ca2cdc20c33d9d0199a5a8bebc0996a825958c6"}
,"C:\\Users\\91750\\Documents\\Zemoso_Folder\\Zemoso_practice\\React-zemoso\\blinkist\\src\\components\\Organisms\\Entrepreneurship\\Entrepreneurship.tsx": {"path":"C:\\Users\\91750\\Documents\\Zemoso_Folder\\Zemoso_practice\\React-zemoso\\blinkist\\src\\components\\Organisms\\Entrepreneurship\\Entrepreneurship.tsx","statementMap":{"0":{"start":{"line":9,"column":41},"end":{"line":36,"column":1}},"1":{"start":{"line":10,"column":17},"end":{"line":10,"column":70}},"2":{"start":{"line":10,"column":47},"end":{"line":10,"column":69}},"3":{"start":{"line":11,"column":18},"end":{"line":11,"column":70}},"4":{"start":{"line":11,"column":48},"end":{"line":11,"column":69}},"5":{"start":{"line":12,"column":17},"end":{"line":12,"column":70}},"6":{"start":{"line":12,"column":47},"end":{"line":12,"column":69}},"7":{"start":{"line":14,"column":2},"end":{"line":35,"column":4}}},"fnMap":{"0":{"name":"(anonymous_0)","decl":{"start":{"line":9,"column":41},"end":{"line":9,"column":42}},"loc":{"start":{"line":9,"column":75},"end":{"line":36,"column":1}},"line":9},"1":{"name":"(anonymous_1)","decl":{"start":{"line":10,"column":37},"end":{"line":10,"column":38}},"loc":{"start":{"line":10,"column":47},"end":{"line":10,"column":69}},"line":10},"2":{"name":"(anonymous_2)","decl":{"start":{"line":11,"column":38},"end":{"line":11,"column":39}},"loc":{"start":{"line":11,"column":48},"end":{"line":11,"column":69}},"line":11},"3":{"name":"(anonymous_3)","decl":{"start":{"line":12,"column":37},"end":{"line":12,"column":38}},"loc":{"start":{"line":12,"column":47},"end":{"line":12,"column":69}},"line":12}},"branchMap":{},"s":{"0":1,"1":1,"2":11,"3":1,"4":11,"5":1,"6":11,"7":1},"f":{"0":1,"1":11,"2":11,"3":11},"b":{},"_coverageSchema":"1a1c01bbd47fc00a2c39e90264f33305004495a9","hash":"4a005c23a8dd5f5f99a46827ff4013670428491f"}
,"C:\\Users\\91750\\Documents\\Zemoso_Folder\\Zemoso_practice\\React-zemoso\\blinkist\\src\\components\\Organisms\\Footer\\footer.stories.tsx": {"path":"C:\\Users\\91750\\Documents\\Zemoso_Folder\\Zemoso_practice\\React-zemoso\\blinkist\\src\\components\\Organisms\\Footer\\footer.stories.tsx","statementMap":{"0":{"start":{"line":10,"column":37},"end":{"line":12,"column":1}},"1":{"start":{"line":11,"column":2},"end":{"line":11,"column":47}},"2":{"start":{"line":14,"column":22},"end":{"line":14,"column":39}},"3":{"start":{"line":15,"column":0},"end":{"line":15,"column":17}}},"fnMap":{"0":{"name":"(anonymous_0)","decl":{"start":{"line":10,"column":37},"end":{"line":10,"column":38}},"loc":{"start":{"line":11,"column":2},"end":{"line":11,"column":47}},"line":11}},"branchMap":{},"s":{"0":0,"1":0,"2":0,"3":0},"f":{"0":0},"b":{}}
,"C:\\Users\\91750\\Documents\\Zemoso_Folder\\Zemoso_practice\\React-zemoso\\blinkist\\src\\components\\Organisms\\Footer\\footer.tsx": {"path":"C:\\Users\\91750\\Documents\\Zemoso_Folder\\Zemoso_practice\\React-zemoso\\blinkist\\src\\components\\Organisms\\Footer\\footer.tsx","statementMap":{"0":{"start":{"line":8,"column":12},"end":{"line":10,"column":2}},"1":{"start":{"line":12,"column":31},"end":{"line":133,"column":1}},"2":{"start":{"line":13,"column":2},"end":{"line":132,"column":4}},"3":{"start":{"line":52,"column":14},"end":{"line":62,"column":22}},"4":{"start":{"line":77,"column":14},"end":{"line":87,"column":22}},"5":{"start":{"line":102,"column":14},"end":{"line":112,"column":22}}},"fnMap":{"0":{"name":"(anonymous_0)","decl":{"start":{"line":12,"column":31},"end":{"line":12,"column":32}},"loc":{"start":{"line":12,"column":55},"end":{"line":133,"column":1}},"line":12},"1":{"name":"(anonymous_1)","decl":{"start":{"line":51,"column":37},"end":{"line":51,"column":38}},"loc":{"start":{"line":52,"column":14},"end":{"line":62,"column":22}},"line":52},"2":{"name":"(anonymous_2)","decl":{"start":{"line":76,"column":39},"end":{"line":76,"column":40}},"loc":{"start":{"line":77,"column":14},"end":{"line":87,"column":22}},"line":77},"3":{"name":"(anonymous_3)","decl":{"start":{"line":101,"column":35},"end":{"line":101,"column":36}},"loc":{"start":{"line":102,"column":14},"end":{"line":112,"column":22}},"line":102}},"branchMap":{},"s":{"0":1,"1":1,"2":1,"3":4,"4":5,"5":4},"f":{"0":1,"1":4,"2":5,"3":4},"b":{},"_coverageSchema":"1a1c01bbd47fc00a2c39e90264f33305004495a9","hash":"ab6ed96dbdbca5e8ebf1c8035b45fde3b7fdaac4"}
,"C:\\Users\\91750\\Documents\\Zemoso_Folder\\Zemoso_practice\\React-zemoso\\blinkist\\src\\components\\Organisms\\LibraryBody\\LibraryBody.stories.tsx": {"path":"C:\\Users\\91750\\Documents\\Zemoso_Folder\\Zemoso_practice\\React-zemoso\\blinkist\\src\\components\\Organisms\\LibraryBody\\LibraryBody.stories.tsx","statementMap":{"0":{"start":{"line":10,"column":39},"end":{"line":12,"column":1}},"1":{"start":{"line":11,"column":2},"end":{"line":11,"column":57}},"2":{"start":{"line":14,"column":20},"end":{"line":14,"column":37}},"3":{"start":{"line":15,"column":0},"end":{"line":15,"column":15}}},"fnMap":{"0":{"name":"(anonymous_0)","decl":{"start":{"line":10,"column":39},"end":{"line":10,"column":40}},"loc":{"start":{"line":11,"column":2},"end":{"line":11,"column":57}},"line":11}},"branchMap":{},"s":{"0":0,"1":0,"2":0,"3":0},"f":{"0":0},"b":{}}
,"C:\\Users\\91750\\Documents\\Zemoso_Folder\\Zemoso_practice\\React-zemoso\\blinkist\\src\\components\\Organisms\\LibraryBody\\LibraryBody.tsx": {"path":"C:\\Users\\91750\\Documents\\Zemoso_Folder\\Zemoso_practice\\React-zemoso\\blinkist\\src\\components\\Organisms\\LibraryBody\\LibraryBody.tsx","statementMap":{"0":{"start":{"line":10,"column":36},"end":{"line":77,"column":1}},"1":{"start":{"line":11,"column":38},"end":{"line":11,"column":49}},"2":{"start":{"line":13,"column":25},"end":{"line":15,"column":3}},"3":{"start":{"line":14,"column":4},"end":{"line":14,"column":21}},"4":{"start":{"line":17,"column":25},"end":{"line":19,"column":3}},"5":{"start":{"line":18,"column":4},"end":{"line":18,"column":21}},"6":{"start":{"line":21,"column":27},"end":{"line":23,"column":3}},"7":{"start":{"line":22,"column":14},"end":{"line":22,"column":37}},"8":{"start":{"line":25,"column":21},"end":{"line":25,"column":74}},"9":{"start":{"line":25,"column":51},"end":{"line":25,"column":73}},"10":{"start":{"line":27,"column":2},"end":{"line":76,"column":4}}},"fnMap":{"0":{"name":"(anonymous_0)","decl":{"start":{"line":10,"column":36},"end":{"line":10,"column":37}},"loc":{"start":{"line":10,"column":42},"end":{"line":77,"column":1}},"line":10},"1":{"name":"(anonymous_1)","decl":{"start":{"line":13,"column":25},"end":{"line":13,"column":26}},"loc":{"start":{"line":13,"column":31},"end":{"line":15,"column":3}},"line":13},"2":{"name":"(anonymous_2)","decl":{"start":{"line":17,"column":25},"end":{"line":17,"column":26}},"loc":{"start":{"line":17,"column":31},"end":{"line":19,"column":3}},"line":17},"3":{"name":"(anonymous_3)","decl":{"start":{"line":22,"column":4},"end":{"line":22,"column":5}},"loc":{"start":{"line":22,"column":14},"end":{"line":22,"column":37}},"line":22},"4":{"name":"(anonymous_4)","decl":{"start":{"line":25,"column":41},"end":{"line":25,"column":42}},"loc":{"start":{"line":25,"column":51},"end":{"line":25,"column":73}},"line":25}},"branchMap":{"0":{"loc":{"start":{"line":48,"column":18},"end":{"line":48,"column":80}},"type":"cond-expr","locations":[{"start":{"line":48,"column":37},"end":{"line":48,"column":56}},{"start":{"line":48,"column":59},"end":{"line":48,"column":80}}],"line":48},"1":{"loc":{"start":{"line":56,"column":18},"end":{"line":56,"column":80}},"type":"cond-expr","locations":[{"start":{"line":56,"column":37},"end":{"line":56,"column":56}},{"start":{"line":56,"column":59},"end":{"line":56,"column":80}}],"line":56},"2":{"loc":{"start":{"line":66,"column":11},"end":{"line":72,"column":11}},"type":"cond-expr","locations":[{"start":{"line":67,"column":12},"end":{"line":69,"column":33}},{"start":{"line":71,"column":12},"end":{"line":71,"column":75}}],"line":66}},"s":{"0":1,"1":1,"2":1,"3":0,"4":1,"5":0,"6":1,"7":11,"8":1,"9":11,"10":1},"f":{"0":1,"1":0,"2":0,"3":11,"4":11},"b":{"0":[1,0],"1":[0,1],"2":[1,0]},"_coverageSchema":"1a1c01bbd47fc00a2c39e90264f33305004495a9","hash":"f9c12227640e0ac6f49f89cc8843c9f825e65add"}
,"C:\\Users\\91750\\Documents\\Zemoso_Folder\\Zemoso_practice\\React-zemoso\\blinkist\\src\\components\\Organisms\\NavBannner\\NavBanner.tsx": {"path":"C:\\Users\\91750\\Documents\\Zemoso_Folder\\Zemoso_practice\\React-zemoso\\blinkist\\src\\components\\Organisms\\NavBannner\\NavBanner.tsx","statementMap":{"0":{"start":{"line":6,"column":34},"end":{"line":47,"column":1}},"1":{"start":{"line":7,"column":2},"end":{"line":46,"column":4}}},"fnMap":{"0":{"name":"(anonymous_0)","decl":{"start":{"line":6,"column":34},"end":{"line":6,"column":35}},"loc":{"start":{"line":6,"column":61},"end":{"line":47,"column":1}},"line":6}},"branchMap":{},"s":{"0":2,"1":2},"f":{"0":2},"b":{},"_coverageSchema":"1a1c01bbd47fc00a2c39e90264f33305004495a9","hash":"f9e9afbc7dbf0515f850de780b349666d319d7a8"}
,"C:\\Users\\91750\\Documents\\Zemoso_Folder\\Zemoso_practice\\React-zemoso\\blinkist\\src\\components\\Organisms\\NavBannner\\navBanner.stories.tsx": {"path":"C:\\Users\\91750\\Documents\\Zemoso_Folder\\Zemoso_practice\\React-zemoso\\blinkist\\src\\components\\Organisms\\NavBannner\\navBanner.stories.tsx","statementMap":{"0":{"start":{"line":10,"column":40},"end":{"line":12,"column":1}},"1":{"start":{"line":11,"column":2},"end":{"line":11,"column":53}},"2":{"start":{"line":14,"column":28},"end":{"line":14,"column":45}},"3":{"start":{"line":15,"column":0},"end":{"line":15,"column":23}}},"fnMap":{"0":{"name":"(anonymous_0)","decl":{"start":{"line":10,"column":40},"end":{"line":10,"column":41}},"loc":{"start":{"line":11,"column":2},"end":{"line":11,"column":53}},"line":11}},"branchMap":{},"s":{"0":0,"1":0,"2":0,"3":0},"f":{"0":0},"b":{}}
,"C:\\Users\\91750\\Documents\\Zemoso_Folder\\Zemoso_practice\\React-zemoso\\blinkist\\src\\components\\Organisms\\Navbar\\Navbar.stories.tsx": {"path":"C:\\Users\\91750\\Documents\\Zemoso_Folder\\Zemoso_practice\\React-zemoso\\blinkist\\src\\components\\Organisms\\Navbar\\Navbar.stories.tsx","statementMap":{"0":{"start":{"line":13,"column":37},"end":{"line":15,"column":1}},"1":{"start":{"line":14,"column":2},"end":{"line":14,"column":47}},"2":{"start":{"line":17,"column":23},"end":{"line":17,"column":40}},"3":{"start":{"line":18,"column":0},"end":{"line":20,"column":2}},"4":{"start":{"line":22,"column":23},"end":{"line":22,"column":40}},"5":{"start":{"line":23,"column":0},"end":{"line":25,"column":2}}},"fnMap":{"0":{"name":"(anonymous_0)","decl":{"start":{"line":13,"column":37},"end":{"line":13,"column":38}},"loc":{"start":{"line":14,"column":2},"end":{"line":14,"column":47}},"line":14}},"branchMap":{},"s":{"0":0,"1":0,"2":0,"3":0,"4":0,"5":0},"f":{"0":0},"b":{}}
,"C:\\Users\\91750\\Documents\\Zemoso_Folder\\Zemoso_practice\\React-zemoso\\blinkist\\src\\components\\Organisms\\Navbar\\Navbar.tsx": {"path":"C:\\Users\\91750\\Documents\\Zemoso_Folder\\Zemoso_practice\\React-zemoso\\blinkist\\src\\components\\Organisms\\Navbar\\Navbar.tsx","statementMap":{"0":{"start":{"line":19,"column":31},"end":{"line":95,"column":1}},"1":{"start":{"line":20,"column":34},"end":{"line":20,"column":49}},"2":{"start":{"line":21,"column":32},"end":{"line":21,"column":58}},"3":{"start":{"line":23,"column":27},"end":{"line":26,"column":3}},"4":{"start":{"line":24,"column":4},"end":{"line":24,"column":54}},"5":{"start":{"line":25,"column":4},"end":{"line":25,"column":70}},"6":{"start":{"line":28,"column":2},"end":{"line":94,"column":4}}},"fnMap":{"0":{"name":"(anonymous_0)","decl":{"start":{"line":19,"column":31},"end":{"line":19,"column":32}},"loc":{"start":{"line":19,"column":55},"end":{"line":95,"column":1}},"line":19},"1":{"name":"(anonymous_1)","decl":{"start":{"line":23,"column":27},"end":{"line":23,"column":28}},"loc":{"start":{"line":23,"column":33},"end":{"line":26,"column":3}},"line":23}},"branchMap":{"0":{"loc":{"start":{"line":24,"column":4},"end":{"line":24,"column":53}},"type":"cond-expr","locations":[{"start":{"line":24,"column":15},"end":{"line":24,"column":33}},{"start":{"line":24,"column":36},"end":{"line":24,"column":53}}],"line":24},"1":{"loc":{"start":{"line":25,"column":4},"end":{"line":25,"column":69}},"type":"cond-expr","locations":[{"start":{"line":25,"column":15},"end":{"line":25,"column":43}},{"start":{"line":25,"column":46},"end":{"line":25,"column":69}}],"line":25},"2":{"loc":{"start":{"line":74,"column":11},"end":{"line":86,"column":11}},"type":"cond-expr","locations":[{"start":{"line":75,"column":12},"end":{"line":75,"column":64}},{"start":{"line":77,"column":12},"end":{"line":85,"column":25}}],"line":74},"3":{"loc":{"start":{"line":92,"column":7},"end":{"line":92,"column":76}},"type":"cond-expr","locations":[{"start":{"line":92,"column":18},"end":{"line":92,"column":69}},{"start":{"line":92,"column":72},"end":{"line":92,"column":76}}],"line":92}},"s":{"0":1,"1":1,"2":1,"3":1,"4":0,"5":0,"6":1},"f":{"0":1,"1":0},"b":{"0":[0,0],"1":[0,0],"2":[0,1],"3":[0,1]},"_coverageSchema":"1a1c01bbd47fc00a2c39e90264f33305004495a9","hash":"eda87c92e557d9a2ebf9b0767142a5ee8ff0fb5d"}
,"C:\\Users\\91750\\Documents\\Zemoso_Folder\\Zemoso_practice\\React-zemoso\\blinkist\\src\\components\\Organisms\\NavbarDropdown\\NavbarDropdown.tsx": {"path":"C:\\Users\\91750\\Documents\\Zemoso_Folder\\Zemoso_practice\\React-zemoso\\blinkist\\src\\components\\Organisms\\NavbarDropdown\\NavbarDropdown.tsx","statementMap":{"0":{"start":{"line":12,"column":39},"end":{"line":103,"column":1}},"1":{"start":{"line":13,"column":19},"end":{"line":13,"column":32}},"2":{"start":{"line":14,"column":27},"end":{"line":16,"column":3}},"3":{"start":{"line":15,"column":4},"end":{"line":15,"column":34}},"4":{"start":{"line":18,"column":2},"end":{"line":102,"column":4}},"5":{"start":{"line":78,"column":16},"end":{"line":95,"column":18}}},"fnMap":{"0":{"name":"(anonymous_0)","decl":{"start":{"line":12,"column":39},"end":{"line":12,"column":40}},"loc":{"start":{"line":12,"column":71},"end":{"line":103,"column":1}},"line":12},"1":{"name":"(anonymous_1)","decl":{"start":{"line":14,"column":27},"end":{"line":14,"column":28}},"loc":{"start":{"line":14,"column":33},"end":{"line":16,"column":3}},"line":14},"2":{"name":"(anonymous_2)","decl":{"start":{"line":77,"column":35},"end":{"line":77,"column":36}},"loc":{"start":{"line":77,"column":50},"end":{"line":96,"column":15}},"line":77}},"branchMap":{},"s":{"0":2,"1":2,"2":1,"3":0,"4":1,"5":18},"f":{"0":2,"1":0,"2":18},"b":{},"_coverageSchema":"1a1c01bbd47fc00a2c39e90264f33305004495a9","hash":"ad5aa3baa7eaa70624d614197758d5a985cad97f"}
,"C:\\Users\\91750\\Documents\\Zemoso_Folder\\Zemoso_practice\\React-zemoso\\blinkist\\src\\components\\Organisms\\NavbarDropdown\\navbarDropdown.stories.tsx": {"path":"C:\\Users\\91750\\Documents\\Zemoso_Folder\\Zemoso_practice\\React-zemoso\\blinkist\\src\\components\\Organisms\\NavbarDropdown\\navbarDropdown.stories.tsx","statementMap":{"0":{"start":{"line":12,"column":45},"end":{"line":14,"column":1}},"1":{"start":{"line":13,"column":2},"end":{"line":13,"column":63}},"2":{"start":{"line":16,"column":30},"end":{"line":16,"column":47}},"3":{"start":{"line":17,"column":0},"end":{"line":17,"column":25}}},"fnMap":{"0":{"name":"(anonymous_0)","decl":{"start":{"line":12,"column":45},"end":{"line":12,"column":46}},"loc":{"start":{"line":13,"column":2},"end":{"line":13,"column":63}},"line":13}},"branchMap":{},"s":{"0":0,"1":0,"2":0,"3":0},"f":{"0":0},"b":{}}
,"C:\\Users\\91750\\Documents\\Zemoso_Folder\\Zemoso_practice\\React-zemoso\\blinkist\\src\\components\\atoms\\Buttons\\Button.stories.tsx": {"path":"C:\\Users\\91750\\Documents\\Zemoso_Folder\\Zemoso_practice\\React-zemoso\\blinkist\\src\\components\\atoms\\Buttons\\Button.stories.tsx","statementMap":{"0":{"start":{"line":34,"column":37},"end":{"line":36,"column":1}},"1":{"start":{"line":35,"column":2},"end":{"line":35,"column":47}},"2":{"start":{"line":38,"column":24},"end":{"line":38,"column":41}},"3":{"start":{"line":39,"column":0},"end":{"line":44,"column":2}},"4":{"start":{"line":46,"column":24},"end":{"line":46,"column":41}},"5":{"start":{"line":47,"column":0},"end":{"line":52,"column":2}},"6":{"start":{"line":54,"column":24},"end":{"line":54,"column":41}},"7":{"start":{"line":55,"column":0},"end":{"line":60,"column":2}}},"fnMap":{"0":{"name":"(anonymous_0)","decl":{"start":{"line":34,"column":37},"end":{"line":34,"column":38}},"loc":{"start":{"line":35,"column":2},"end":{"line":35,"column":47}},"line":35}},"branchMap":{},"s":{"0":0,"1":0,"2":0,"3":0,"4":0,"5":0,"6":0,"7":0},"f":{"0":0},"b":{}}
,"C:\\Users\\91750\\Documents\\Zemoso_Folder\\Zemoso_practice\\React-zemoso\\blinkist\\src\\components\\atoms\\Buttons\\Button.tsx": {"path":"C:\\Users\\91750\\Documents\\Zemoso_Folder\\Zemoso_practice\\React-zemoso\\blinkist\\src\\components\\atoms\\Buttons\\Button.tsx","statementMap":{"0":{"start":{"line":25,"column":31},"end":{"line":49,"column":1}},"1":{"start":{"line":26,"column":2},"end":{"line":48,"column":4}}},"fnMap":{"0":{"name":"(anonymous_0)","decl":{"start":{"line":25,"column":31},"end":{"line":25,"column":32}},"loc":{"start":{"line":25,"column":55},"end":{"line":49,"column":1}},"line":25}},"branchMap":{},"s":{"0":2,"1":4},"f":{"0":4},"b":{},"_coverageSchema":"1a1c01bbd47fc00a2c39e90264f33305004495a9","hash":"6d48de417ba58dfbd8e34be258ed3e3fb5d205c6"}
,"C:\\Users\\91750\\Documents\\Zemoso_Folder\\Zemoso_practice\\React-zemoso\\blinkist\\src\\components\\atoms\\IconButtons\\IconButton.stories.tsx": {"path":"C:\\Users\\91750\\Documents\\Zemoso_Folder\\Zemoso_practice\\React-zemoso\\blinkist\\src\\components\\atoms\\IconButtons\\IconButton.stories.tsx","statementMap":{"0":{"start":{"line":36,"column":42},"end":{"line":36,"column":103}},"1":{"start":{"line":36,"column":50},"end":{"line":36,"column":103}},"2":{"start":{"line":38,"column":26},"end":{"line":38,"column":43}},"3":{"start":{"line":39,"column":0},"end":{"line":42,"column":1}},"4":{"start":{"line":44,"column":26},"end":{"line":44,"column":43}},"5":{"start":{"line":45,"column":0},"end":{"line":48,"column":1}}},"fnMap":{"0":{"name":"(anonymous_0)","decl":{"start":{"line":36,"column":42},"end":{"line":36,"column":43}},"loc":{"start":{"line":36,"column":50},"end":{"line":36,"column":103}},"line":36}},"branchMap":{},"s":{"0":0,"1":0,"2":0,"3":0,"4":0,"5":0},"f":{"0":0},"b":{}}
,"C:\\Users\\91750\\Documents\\Zemoso_Folder\\Zemoso_practice\\React-zemoso\\blinkist\\src\\components\\atoms\\IconButtons\\IconButton.tsx": {"path":"C:\\Users\\91750\\Documents\\Zemoso_Folder\\Zemoso_practice\\React-zemoso\\blinkist\\src\\components\\atoms\\IconButtons\\IconButton.tsx","statementMap":{"0":{"start":{"line":18,"column":35},"end":{"line":26,"column":1}},"1":{"start":{"line":19,"column":2},"end":{"line":25,"column":4}}},"fnMap":{"0":{"name":"(anonymous_0)","decl":{"start":{"line":18,"column":35},"end":{"line":18,"column":36}},"loc":{"start":{"line":18,"column":63},"end":{"line":26,"column":1}},"line":18}},"branchMap":{},"s":{"0":11,"1":96},"f":{"0":96},"b":{},"_coverageSchema":"1a1c01bbd47fc00a2c39e90264f33305004495a9","hash":"040b39d26605a724a7aba3dc2a666b547ab14e2d"}
,"C:\\Users\\91750\\Documents\\Zemoso_Folder\\Zemoso_practice\\React-zemoso\\blinkist\\src\\components\\atoms\\Image\\Image.stories.tsx": {"path":"C:\\Users\\91750\\Documents\\Zemoso_Folder\\Zemoso_practice\\React-zemoso\\blinkist\\src\\components\\atoms\\Image\\Image.stories.tsx","statementMap":{"0":{"start":{"line":29,"column":37},"end":{"line":29,"column":88}},"1":{"start":{"line":29,"column":45},"end":{"line":29,"column":88}},"2":{"start":{"line":31,"column":29},"end":{"line":31,"column":46}},"3":{"start":{"line":32,"column":0},"end":{"line":34,"column":1}},"4":{"start":{"line":36,"column":28},"end":{"line":36,"column":45}},"5":{"start":{"line":37,"column":0},"end":{"line":39,"column":1}},"6":{"start":{"line":41,"column":40},"end":{"line":41,"column":57}},"7":{"start":{"line":42,"column":0},"end":{"line":44,"column":1}},"8":{"start":{"line":46,"column":28},"end":{"line":46,"column":45}},"9":{"start":{"line":47,"column":0},"end":{"line":49,"column":1}},"10":{"start":{"line":51,"column":31},"end":{"line":51,"column":48}},"11":{"start":{"line":52,"column":0},"end":{"line":54,"column":1}},"12":{"start":{"line":56,"column":28},"end":{"line":56,"column":45}},"13":{"start":{"line":57,"column":0},"end":{"line":59,"column":1}},"14":{"start":{"line":61,"column":27},"end":{"line":61,"column":44}},"15":{"start":{"line":62,"column":0},"end":{"line":64,"column":1}},"16":{"start":{"line":66,"column":27},"end":{"line":66,"column":44}},"17":{"start":{"line":67,"column":0},"end":{"line":69,"column":1}},"18":{"start":{"line":71,"column":29},"end":{"line":71,"column":46}},"19":{"start":{"line":72,"column":0},"end":{"line":74,"column":1}},"20":{"start":{"line":76,"column":28},"end":{"line":76,"column":45}},"21":{"start":{"line":77,"column":0},"end":{"line":79,"column":1}},"22":{"start":{"line":81,"column":32},"end":{"line":81,"column":49}},"23":{"start":{"line":82,"column":0},"end":{"line":84,"column":1}},"24":{"start":{"line":86,"column":34},"end":{"line":86,"column":51}},"25":{"start":{"line":87,"column":0},"end":{"line":89,"column":1}}},"fnMap":{"0":{"name":"(anonymous_0)","decl":{"start":{"line":29,"column":37},"end":{"line":29,"column":38}},"loc":{"start":{"line":29,"column":45},"end":{"line":29,"column":88}},"line":29}},"branchMap":{},"s":{"0":0,"1":0,"2":0,"3":0,"4":0,"5":0,"6":0,"7":0,"8":0,"9":0,"10":0,"11":0,"12":0,"13":0,"14":0,"15":0,"16":0,"17":0,"18":0,"19":0,"20":0,"21":0,"22":0,"23":0,"24":0,"25":0},"f":{"0":0},"b":{}}
,"C:\\Users\\91750\\Documents\\Zemoso_Folder\\Zemoso_practice\\React-zemoso\\blinkist\\src\\components\\atoms\\Image\\Image.tsx": {"path":"C:\\Users\\91750\\Documents\\Zemoso_Folder\\Zemoso_practice\\React-zemoso\\blinkist\\src\\components\\atoms\\Image\\Image.tsx","statementMap":{"0":{"start":{"line":8,"column":30},"end":{"line":21,"column":1}},"1":{"start":{"line":9,"column":48},"end":{"line":9,"column":53}},"2":{"start":{"line":11,"column":2},"end":{"line":20,"column":4}}},"fnMap":{"0":{"name":"(anonymous_0)","decl":{"start":{"line":8,"column":30},"end":{"line":8,"column":31}},"loc":{"start":{"line":8,"column":53},"end":{"line":21,"column":1}},"line":8}},"branchMap":{},"s":{"0":8,"1":27,"2":27},"f":{"0":27},"b":{},"_coverageSchema":"1a1c01bbd47fc00a2c39e90264f33305004495a9","hash":"f3459f0a7ce89b4a200a4a78f566eab0102ad788"}
,"C:\\Users\\91750\\Documents\\Zemoso_Folder\\Zemoso_practice\\React-zemoso\\blinkist\\src\\components\\molecules\\IconWithText\\IconText.stories.tsx": {"path":"C:\\Users\\91750\\Documents\\Zemoso_Folder\\Zemoso_practice\\React-zemoso\\blinkist\\src\\components\\molecules\\IconWithText\\IconText.stories.tsx","statementMap":{"0":{"start":{"line":31,"column":39},"end":{"line":33,"column":1}},"1":{"start":{"line":32,"column":2},"end":{"line":32,"column":51}},"2":{"start":{"line":35,"column":32},"end":{"line":35,"column":49}},"3":{"start":{"line":36,"column":0},"end":{"line":40,"column":2}}},"fnMap":{"0":{"name":"(anonymous_0)","decl":{"start":{"line":31,"column":39},"end":{"line":31,"column":40}},"loc":{"start":{"line":32,"column":2},"end":{"line":32,"column":51}},"line":32}},"branchMap":{},"s":{"0":0,"1":0,"2":0,"3":0},"f":{"0":0},"b":{}}
,"C:\\Users\\91750\\Documents\\Zemoso_Folder\\Zemoso_practice\\React-zemoso\\blinkist\\src\\components\\molecules\\IconWithText\\IconText.tsx": {"path":"C:\\Users\\91750\\Documents\\Zemoso_Folder\\Zemoso_practice\\React-zemoso\\blinkist\\src\\components\\molecules\\IconWithText\\IconText.tsx","statementMap":{"0":{"start":{"line":26,"column":33},"end":{"line":39,"column":1}},"1":{"start":{"line":27,"column":2},"end":{"line":38,"column":4}}},"fnMap":{"0":{"name":"(anonymous_0)","decl":{"start":{"line":26,"column":33},"end":{"line":26,"column":34}},"loc":{"start":{"line":26,"column":59},"end":{"line":39,"column":1}},"line":26}},"branchMap":{},"s":{"0":3,"1":19},"f":{"0":19},"b":{},"_coverageSchema":"1a1c01bbd47fc00a2c39e90264f33305004495a9","hash":"34ee5d3283e09961f1b724f3579ca9e98e131152"}
,"C:\\Users\\91750\\Documents\\Zemoso_Folder\\Zemoso_practice\\React-zemoso\\blinkist\\src\\components\\molecules\\InfoCards\\Infocard.tsx": {"path":"C:\\Users\\91750\\Documents\\Zemoso_Folder\\Zemoso_practice\\React-zemoso\\blinkist\\src\\components\\molecules\\InfoCards\\Infocard.tsx","statementMap":{"0":{"start":{"line":26,"column":33},"end":{"line":246,"column":1}},"1":{"start":{"line":27,"column":19},"end":{"line":27,"column":32}},"2":{"start":{"line":28,"column":25},"end":{"line":32,"column":3}},"3":{"start":{"line":29,"column":4},"end":{"line":31,"column":7}},"4":{"start":{"line":34,"column":15},"end":{"line":174,"column":3}},"5":{"start":{"line":35,"column":4},"end":{"line":173,"column":5}},"6":{"start":{"line":37,"column":8},"end":{"line":53,"column":10}},"7":{"start":{"line":56,"column":8},"end":{"line":74,"column":10}},"8":{"start":{"line":77,"column":8},"end":{"line":109,"column":10}},"9":{"start":{"line":112,"column":8},"end":{"line":133,"column":10}},"10":{"start":{"line":136,"column":8},"end":{"line":169,"column":10}},"11":{"start":{"line":172,"column":8},"end":{"line":172,"column":14}},"12":{"start":{"line":176,"column":2},"end":{"line":245,"column":4}}},"fnMap":{"0":{"name":"(anonymous_0)","decl":{"start":{"line":26,"column":33},"end":{"line":26,"column":34}},"loc":{"start":{"line":26,"column":59},"end":{"line":246,"column":1}},"line":26},"1":{"name":"(anonymous_1)","decl":{"start":{"line":28,"column":25},"end":{"line":28,"column":26}},"loc":{"start":{"line":28,"column":31},"end":{"line":32,"column":3}},"line":28},"2":{"name":"(anonymous_2)","decl":{"start":{"line":34,"column":15},"end":{"line":34,"column":16}},"loc":{"start":{"line":34,"column":21},"end":{"line":174,"column":3}},"line":34}},"branchMap":{"0":{"loc":{"start":{"line":35,"column":4},"end":{"line":173,"column":5}},"type":"switch","locations":[{"start":{"line":36,"column":6},"end":{"line":53,"column":10}},{"start":{"line":55,"column":6},"end":{"line":74,"column":10}},{"start":{"line":76,"column":6},"end":{"line":109,"column":10}},{"start":{"line":111,"column":6},"end":{"line":133,"column":10}},{"start":{"line":135,"column":6},"end":{"line":169,"column":10}},{"start":{"line":171,"column":6},"end":{"line":172,"column":14}}],"line":35}},"s":{"0":5,"1":24,"2":24,"3":0,"4":24,"5":24,"6":23,"7":0,"8":1,"9":0,"10":0,"11":0,"12":24},"f":{"0":24,"1":0,"2":24},"b":{"0":[23,0,1,0,0,0]},"_coverageSchema":"1a1c01bbd47fc00a2c39e90264f33305004495a9","hash":"4fd3d534b52488942e702c21a8c1b3299719b612"}
,"C:\\Users\\91750\\Documents\\Zemoso_Folder\\Zemoso_practice\\React-zemoso\\blinkist\\src\\components\\molecules\\InfoCards\\infoCard.stories.tsx": {"path":"C:\\Users\\91750\\Documents\\Zemoso_Folder\\Zemoso_practice\\React-zemoso\\blinkist\\src\\components\\molecules\\InfoCards\\infoCard.stories.tsx","statementMap":{"0":{"start":{"line":24,"column":39},"end":{"line":26,"column":1}},"1":{"start":{"line":25,"column":2},"end":{"line":25,"column":51}},"2":{"start":{"line":28,"column":21},"end":{"line":28,"column":38}},"3":{"start":{"line":29,"column":0},"end":{"line":35,"column":2}}},"fnMap":{"0":{"name":"(anonymous_0)","decl":{"start":{"line":24,"column":39},"end":{"line":24,"column":40}},"loc":{"start":{"line":25,"column":2},"end":{"line":25,"column":51}},"line":25}},"branchMap":{},"s":{"0":0,"1":0,"2":0,"3":0},"f":{"0":0},"b":{}}
,"C:\\Users\\91750\\Documents\\Zemoso_Folder\\Zemoso_practice\\React-zemoso\\blinkist\\src\\components\\molecules\\SearchBar\\Searchbar.tsx": {"path":"C:\\Users\\91750\\Documents\\Zemoso_Folder\\Zemoso_practice\\React-zemoso\\blinkist\\src\\components\\molecules\\SearchBar\\Searchbar.tsx","statementMap":{"0":{"start":{"line":11,"column":16},"end":{"line":17,"column":2}},"1":{"start":{"line":19,"column":34},"end":{"line":39,"column":1}},"2":{"start":{"line":20,"column":2},"end":{"line":38,"column":4}}},"fnMap":{"0":{"name":"(anonymous_0)","decl":{"start":{"line":19,"column":34},"end":{"line":19,"column":35}},"loc":{"start":{"line":19,"column":61},"end":{"line":39,"column":1}},"line":19}},"branchMap":{},"s":{"0":2,"1":2,"2":2},"f":{"0":2},"b":{},"_coverageSchema":"1a1c01bbd47fc00a2c39e90264f33305004495a9","hash":"864261432384a9caddf7d48e6973f9c452db71d9"}
,"C:\\Users\\91750\\Documents\\Zemoso_Folder\\Zemoso_practice\\React-zemoso\\blinkist\\src\\components\\molecules\\SearchBar\\searchbar.stories.tsx": {"path":"C:\\Users\\91750\\Documents\\Zemoso_Folder\\Zemoso_practice\\React-zemoso\\blinkist\\src\\components\\molecules\\SearchBar\\searchbar.stories.tsx","statementMap":{"0":{"start":{"line":14,"column":40},"end":{"line":16,"column":1}},"1":{"start":{"line":15,"column":2},"end":{"line":15,"column":53}},"2":{"start":{"line":18,"column":25},"end":{"line":18,"column":42}},"3":{"start":{"line":19,"column":0},"end":{"line":21,"column":2}}},"fnMap":{"0":{"name":"(anonymous_0)","decl":{"start":{"line":14,"column":40},"end":{"line":14,"column":41}},"loc":{"start":{"line":15,"column":2},"end":{"line":15,"column":53}},"line":15}},"branchMap":{},"s":{"0":0,"1":0,"2":0,"3":0},"f":{"0":0},"b":{}}
,"C:\\Users\\91750\\Documents\\Zemoso_Folder\\Zemoso_practice\\React-zemoso\\blinkist\\src\\components\\molecules\\SimpleButton.tsx\\SimpleButton.tsx": {"path":"C:\\Users\\91750\\Documents\\Zemoso_Folder\\Zemoso_practice\\React-zemoso\\blinkist\\src\\components\\molecules\\SimpleButton.tsx\\SimpleButton.tsx","statementMap":{"0":{"start":{"line":16,"column":37},"end":{"line":146,"column":1}},"1":{"start":{"line":17,"column":15},"end":{"line":143,"column":3}},"2":{"start":{"line":18,"column":4},"end":{"line":142,"column":5}},"3":{"start":{"line":20,"column":8},"end":{"line":33,"column":10}},"4":{"start":{"line":36,"column":8},"end":{"line":49,"column":10}},"5":{"start":{"line":52,"column":8},"end":{"line":73,"column":10}},"6":{"start":{"line":76,"column":8},"end":{"line":98,"column":10}},"7":{"start":{"line":101,"column":8},"end":{"line":118,"column":10}},"8":{"start":{"line":121,"column":8},"end":{"line":141,"column":10}},"9":{"start":{"line":145,"column":2},"end":{"line":145,"column":23}}},"fnMap":{"0":{"name":"(anonymous_0)","decl":{"start":{"line":16,"column":37},"end":{"line":16,"column":38}},"loc":{"start":{"line":16,"column":67},"end":{"line":146,"column":1}},"line":16},"1":{"name":"(anonymous_1)","decl":{"start":{"line":17,"column":15},"end":{"line":17,"column":16}},"loc":{"start":{"line":17,"column":21},"end":{"line":143,"column":3}},"line":17}},"branchMap":{"0":{"loc":{"start":{"line":18,"column":4},"end":{"line":142,"column":5}},"type":"switch","locations":[{"start":{"line":19,"column":6},"end":{"line":33,"column":10}},{"start":{"line":35,"column":6},"end":{"line":49,"column":10}},{"start":{"line":51,"column":6},"end":{"line":73,"column":10}},{"start":{"line":75,"column":6},"end":{"line":98,"column":10}},{"start":{"line":100,"column":6},"end":{"line":118,"column":10}},{"start":{"line":120,"column":6},"end":{"line":141,"column":10}}],"line":18}},"s":{"0":6,"1":72,"2":72,"3":0,"4":1,"5":23,"6":0,"7":48,"8":0,"9":72},"f":{"0":72,"1":72},"b":{"0":[0,1,23,0,48,0]},"_coverageSchema":"1a1c01bbd47fc00a2c39e90264f33305004495a9","hash":"d63584697ecaa4c197e266144fbccf60db962622"}
,"C:\\Users\\91750\\Documents\\Zemoso_Folder\\Zemoso_practice\\React-zemoso\\blinkist\\src\\components\\molecules\\SimpleButton.tsx\\simpleButton.stories.tsx": {"path":"C:\\Users\\91750\\Documents\\Zemoso_Folder\\Zemoso_practice\\React-zemoso\\blinkist\\src\\components\\molecules\\SimpleButton.tsx\\simpleButton.stories.tsx","statementMap":{"0":{"start":{"line":20,"column":43},"end":{"line":22,"column":1}},"1":{"start":{"line":21,"column":2},"end":{"line":21,"column":59}},"2":{"start":{"line":24,"column":33},"end":{"line":24,"column":50}},"3":{"start":{"line":25,"column":0},"end":{"line":28,"column":2}},"4":{"start":{"line":30,"column":33},"end":{"line":30,"column":50}},"5":{"start":{"line":31,"column":0},"end":{"line":34,"column":2}},"6":{"start":{"line":36,"column":33},"end":{"line":36,"column":50}},"7":{"start":{"line":37,"column":0},"end":{"line":41,"column":2}},"8":{"start":{"line":43,"column":33},"end":{"line":43,"column":50}},"9":{"start":{"line":44,"column":0},"end":{"line":48,"column":2}},"10":{"start":{"line":50,"column":33},"end":{"line":50,"column":50}},"11":{"start":{"line":51,"column":0},"end":{"line":55,"column":2}}},"fnMap":{"0":{"name":"(anonymous_0)","decl":{"start":{"line":20,"column":43},"end":{"line":20,"column":44}},"loc":{"start":{"line":21,"column":2},"end":{"line":21,"column":59}},"line":21}},"branchMap":{},"s":{"0":0,"1":0,"2":0,"3":0,"4":0,"5":0,"6":0,"7":0,"8":0,"9":0,"10":0,"11":0},"f":{"0":0},"b":{}}
,"C:\\Users\\91750\\Documents\\Zemoso_Folder\\Zemoso_practice\\React-zemoso\\blinkist\\src\\components\\molecules\\UnderlinedButton\\UnderlineButton.tsx": {"path":"C:\\Users\\91750\\Documents\\Zemoso_Folder\\Zemoso_practice\\React-zemoso\\blinkist\\src\\components\\molecules\\UnderlinedButton\\UnderlineButton.tsx","statementMap":{"0":{"start":{"line":16,"column":40},"end":{"line":140,"column":1}},"1":{"start":{"line":17,"column":15},"end":{"line":134,"column":3}},"2":{"start":{"line":18,"column":4},"end":{"line":133,"column":5}},"3":{"start":{"line":20,"column":8},"end":{"line":40,"column":10}},"4":{"start":{"line":43,"column":8},"end":{"line":63,"column":10}},"5":{"start":{"line":66,"column":8},"end":{"line":86,"column":10}},"6":{"start":{"line":89,"column":8},"end":{"line":109,"column":10}},"7":{"start":{"line":112,"column":8},"end":{"line":132,"column":10}},"8":{"start":{"line":135,"column":2},"end":{"line":139,"column":4}}},"fnMap":{"0":{"name":"(anonymous_0)","decl":{"start":{"line":16,"column":40},"end":{"line":16,"column":41}},"loc":{"start":{"line":16,"column":73},"end":{"line":140,"column":1}},"line":16},"1":{"name":"(anonymous_1)","decl":{"start":{"line":17,"column":15},"end":{"line":17,"column":16}},"loc":{"start":{"line":17,"column":21},"end":{"line":134,"column":3}},"line":17}},"branchMap":{"0":{"loc":{"start":{"line":18,"column":4},"end":{"line":133,"column":5}},"type":"switch","locations":[{"start":{"line":19,"column":6},"end":{"line":40,"column":10}},{"start":{"line":42,"column":6},"end":{"line":63,"column":10}},{"start":{"line":65,"column":6},"end":{"line":86,"column":10}},{"start":{"line":88,"column":6},"end":{"line":109,"column":10}},{"start":{"line":111,"column":6},"end":{"line":132,"column":10}}],"line":18}},"s":{"0":2,"1":4,"2":4,"3":1,"4":0,"5":0,"6":3,"7":0,"8":4},"f":{"0":4,"1":4},"b":{"0":[1,0,0,3,0]},"_coverageSchema":"1a1c01bbd47fc00a2c39e90264f33305004495a9","hash":"f1d6adb7d8b8373e8078efca502dde4e4ddf64d8"}
,"C:\\Users\\91750\\Documents\\Zemoso_Folder\\Zemoso_practice\\React-zemoso\\blinkist\\src\\components\\molecules\\UnderlinedButton\\underlinebutton.stories.tsx": {"path":"C:\\Users\\91750\\Documents\\Zemoso_Folder\\Zemoso_practice\\React-zemoso\\blinkist\\src\\components\\molecules\\UnderlinedButton\\underlinebutton.stories.tsx","statementMap":{"0":{"start":{"line":19,"column":46},"end":{"line":21,"column":1}},"1":{"start":{"line":20,"column":2},"end":{"line":20,"column":65}},"2":{"start":{"line":23,"column":32},"end":{"line":23,"column":49}},"3":{"start":{"line":24,"column":0},"end":{"line":27,"column":2}},"4":{"start":{"line":29,"column":32},"end":{"line":29,"column":49}},"5":{"start":{"line":30,"column":0},"end":{"line":33,"column":2}},"6":{"start":{"line":35,"column":32},"end":{"line":35,"column":49}},"7":{"start":{"line":36,"column":0},"end":{"line":39,"column":2}},"8":{"start":{"line":41,"column":32},"end":{"line":41,"column":49}},"9":{"start":{"line":42,"column":0},"end":{"line":45,"column":2}},"10":{"start":{"line":47,"column":32},"end":{"line":47,"column":49}},"11":{"start":{"line":48,"column":0},"end":{"line":51,"column":2}}},"fnMap":{"0":{"name":"(anonymous_0)","decl":{"start":{"line":19,"column":46},"end":{"line":19,"column":47}},"loc":{"start":{"line":20,"column":2},"end":{"line":20,"column":65}},"line":20}},"branchMap":{},"s":{"0":0,"1":0,"2":0,"3":0,"4":0,"5":0,"6":0,"7":0,"8":0,"9":0,"10":0,"11":0},"f":{"0":0},"b":{}}
,"C:\\Users\\91750\\Documents\\Zemoso_Folder\\Zemoso_practice\\React-zemoso\\blinkist\\src\\components\\templates\\BookDetails\\BookDetail.tsx": {"path":"C:\\Users\\91750\\Documents\\Zemoso_Folder\\Zemoso_practice\\React-zemoso\\blinkist\\src\\components\\templates\\BookDetails\\BookDetail.tsx","statementMap":{"0":{"start":{"line":9,"column":35},"end":{"line":17,"column":1}},"1":{"start":{"line":10,"column":2},"end":{"line":16,"column":4}}},"fnMap":{"0":{"name":"(anonymous_0)","decl":{"start":{"line":9,"column":35},"end":{"line":9,"column":36}},"loc":{"start":{"line":9,"column":61},"end":{"line":17,"column":1}},"line":9}},"branchMap":{},"s":{"0":0,"1":0},"f":{"0":0},"b":{}}
,"C:\\Users\\91750\\Documents\\Zemoso_Folder\\Zemoso_practice\\React-zemoso\\blinkist\\src\\components\\templates\\BookDetails\\bookDetail.stories.tsx": {"path":"C:\\Users\\91750\\Documents\\Zemoso_Folder\\Zemoso_practice\\React-zemoso\\blinkist\\src\\components\\templates\\BookDetails\\bookDetail.stories.tsx","statementMap":{"0":{"start":{"line":14,"column":39},"end":{"line":16,"column":1}},"1":{"start":{"line":15,"column":2},"end":{"line":15,"column":55}},"2":{"start":{"line":18,"column":26},"end":{"line":18,"column":43}},"3":{"start":{"line":19,"column":0},"end":{"line":19,"column":21}}},"fnMap":{"0":{"name":"(anonymous_0)","decl":{"start":{"line":14,"column":39},"end":{"line":14,"column":40}},"loc":{"start":{"line":15,"column":2},"end":{"line":15,"column":55}},"line":15}},"branchMap":{},"s":{"0":0,"1":0,"2":0,"3":0},"f":{"0":0},"b":{}}
,"C:\\Users\\91750\\Documents\\Zemoso_Folder\\Zemoso_practice\\React-zemoso\\blinkist\\src\\components\\templates\\Entrapreneurpage\\Entrapreneur.tsx": {"path":"C:\\Users\\91750\\Documents\\Zemoso_Folder\\Zemoso_practice\\React-zemoso\\blinkist\\src\\components\\templates\\Entrapreneurpage\\Entrapreneur.tsx","statementMap":{"0":{"start":{"line":9,"column":45},"end":{"line":21,"column":1}},"1":{"start":{"line":10,"column":2},"end":{"line":20,"column":4}}},"fnMap":{"0":{"name":"(anonymous_0)","decl":{"start":{"line":9,"column":45},"end":{"line":9,"column":46}},"loc":{"start":{"line":9,"column":79},"end":{"line":21,"column":1}},"line":9}},"branchMap":{},"s":{"0":0,"1":0},"f":{"0":0},"b":{}}
,"C:\\Users\\91750\\Documents\\Zemoso_Folder\\Zemoso_practice\\React-zemoso\\blinkist\\src\\components\\templates\\Entrapreneurpage\\enreapreneur.stories.tsx": {"path":"C:\\Users\\91750\\Documents\\Zemoso_Folder\\Zemoso_practice\\React-zemoso\\blinkist\\src\\components\\templates\\Entrapreneurpage\\enreapreneur.stories.tsx","statementMap":{"0":{"start":{"line":14,"column":47},"end":{"line":16,"column":1}},"1":{"start":{"line":15,"column":2},"end":{"line":15,"column":75}},"2":{"start":{"line":18,"column":36},"end":{"line":18,"column":53}},"3":{"start":{"line":19,"column":0},"end":{"line":19,"column":31}}},"fnMap":{"0":{"name":"(anonymous_0)","decl":{"start":{"line":14,"column":47},"end":{"line":14,"column":48}},"loc":{"start":{"line":15,"column":2},"end":{"line":15,"column":75}},"line":15}},"branchMap":{},"s":{"0":0,"1":0,"2":0,"3":0},"f":{"0":0},"b":{}}
,"C:\\Users\\91750\\Documents\\Zemoso_Folder\\Zemoso_practice\\React-zemoso\\blinkist\\src\\components\\templates\\LibraryPage\\LibraryPage.tsx": {"path":"C:\\Users\\91750\\Documents\\Zemoso_Folder\\Zemoso_practice\\React-zemoso\\blinkist\\src\\components\\templates\\LibraryPage\\LibraryPage.tsx","statementMap":{"0":{"start":{"line":9,"column":36},"end":{"line":17,"column":1}},"1":{"start":{"line":10,"column":2},"end":{"line":16,"column":4}}},"fnMap":{"0":{"name":"(anonymous_0)","decl":{"start":{"line":9,"column":36},"end":{"line":9,"column":37}},"loc":{"start":{"line":9,"column":61},"end":{"line":17,"column":1}},"line":9}},"branchMap":{},"s":{"0":0,"1":0},"f":{"0":0},"b":{}}
,"C:\\Users\\91750\\Documents\\Zemoso_Folder\\Zemoso_practice\\React-zemoso\\blinkist\\src\\components\\templates\\LibraryPage\\Librarypage.stories.tsx": {"path":"C:\\Users\\91750\\Documents\\Zemoso_Folder\\Zemoso_practice\\React-zemoso\\blinkist\\src\\components\\templates\\LibraryPage\\Librarypage.stories.tsx","statementMap":{"0":{"start":{"line":14,"column":38},"end":{"line":16,"column":1}},"1":{"start":{"line":15,"column":2},"end":{"line":15,"column":57}},"2":{"start":{"line":18,"column":20},"end":{"line":18,"column":37}},"3":{"start":{"line":19,"column":0},"end":{"line":19,"column":15}}},"fnMap":{"0":{"name":"(anonymous_0)","decl":{"start":{"line":14,"column":38},"end":{"line":14,"column":39}},"loc":{"start":{"line":15,"column":2},"end":{"line":15,"column":57}},"line":15}},"branchMap":{},"s":{"0":0,"1":0,"2":0,"3":0},"f":{"0":0},"b":{}}
,"C:\\Users\\91750\\Documents\\Zemoso_Folder\\Zemoso_practice\\React-zemoso\\blinkist\\src\\data\\BookDescription.tsx": {"path":"C:\\Users\\91750\\Documents\\Zemoso_Folder\\Zemoso_practice\\React-zemoso\\blinkist\\src\\data\\BookDescription.tsx","statementMap":{"0":{"start":{"line":1,"column":31},"end":{"line":21,"column":1}}},"fnMap":{},"branchMap":{},"s":{"0":0},"f":{},"b":{}}
,"C:\\Users\\91750\\Documents\\Zemoso_Folder\\Zemoso_practice\\React-zemoso\\blinkist\\src\\data\\BooksDetails.tsx": {"path":"C:\\Users\\91750\\Documents\\Zemoso_Folder\\Zemoso_practice\\React-zemoso\\blinkist\\src\\data\\BooksDetails.tsx","statementMap":{"0":{"start":{"line":12,"column":21},"end":{"line":167,"column":1}}},"fnMap":{},"branchMap":{},"s":{"0":2},"f":{},"b":{},"_coverageSchema":"1a1c01bbd47fc00a2c39e90264f33305004495a9","hash":"92ff945446edc09bdec1fbc195d15599ffe8021a"}
,"C:\\Users\\91750\\Documents\\Zemoso_Folder\\Zemoso_practice\\React-zemoso\\blinkist\\src\\data\\NavDropdownData.tsx": {"path":"C:\\Users\\91750\\Documents\\Zemoso_Folder\\Zemoso_practice\\React-zemoso\\blinkist\\src\\data\\NavDropdownData.tsx","statementMap":{"0":{"start":{"line":20,"column":24},"end":{"line":93,"column":1}}},"fnMap":{},"branchMap":{},"s":{"0":2},"f":{},"b":{},"_coverageSchema":"1a1c01bbd47fc00a2c39e90264f33305004495a9","hash":"cb7640c89b9489eb80af7815da8ddf78c09936c0"}
,"C:\\Users\\91750\\Documents\\Zemoso_Folder\\Zemoso_practice\\React-zemoso\\blinkist\\src\\data\\NavFooterData.tsx": {"path":"C:\\Users\\91750\\Documents\\Zemoso_Folder\\Zemoso_practice\\React-zemoso\\blinkist\\src\\data\\NavFooterData.tsx","statementMap":{"0":{"start":{"line":1,"column":29},"end":{"line":27,"column":1}}},"fnMap":{},"branchMap":{},"s":{"0":1},"f":{},"b":{},"_coverageSchema":"1a1c01bbd47fc00a2c39e90264f33305004495a9","hash":"a4895ebc91147bfa79d8b6a4a4b1ba50bde5ee3a"}
,"C:\\Users\\91750\\Documents\\Zemoso_Folder\\Zemoso_practice\\React-zemoso\\blinkist\\src\\pages\\BookDetails\\index.tsx": {"path":"C:\\Users\\91750\\Documents\\Zemoso_Folder\\Zemoso_practice\\React-zemoso\\blinkist\\src\\pages\\BookDetails\\index.tsx","statementMap":{"0":{"start":{"line":6,"column":27},"end":{"line":16,"column":1}},"1":{"start":{"line":7,"column":2},"end":{"line":15,"column":4}}},"fnMap":{"0":{"name":"(anonymous_0)","decl":{"start":{"line":6,"column":27},"end":{"line":6,"column":28}},"loc":{"start":{"line":6,"column":33},"end":{"line":16,"column":1}},"line":6}},"branchMap":{},"s":{"0":0,"1":0},"f":{"0":0},"b":{}}
,"C:\\Users\\91750\\Documents\\Zemoso_Folder\\Zemoso_practice\\React-zemoso\\blinkist\\src\\pages\\Entrepreneure\\index.tsx": {"path":"C:\\Users\\91750\\Documents\\Zemoso_Folder\\Zemoso_practice\\React-zemoso\\blinkist\\src\\pages\\Entrepreneure\\index.tsx","statementMap":{"0":{"start":{"line":6,"column":29},"end":{"line":16,"column":1}},"1":{"start":{"line":7,"column":2},"end":{"line":15,"column":4}}},"fnMap":{"0":{"name":"(anonymous_0)","decl":{"start":{"line":6,"column":29},"end":{"line":6,"column":30}},"loc":{"start":{"line":6,"column":35},"end":{"line":16,"column":1}},"line":6}},"branchMap":{},"s":{"0":0,"1":0},"f":{"0":0},"b":{}}
,"C:\\Users\\91750\\Documents\\Zemoso_Folder\\Zemoso_practice\\React-zemoso\\blinkist\\src\\pages\\Library\\index.tsx": {"path":"C:\\Users\\91750\\Documents\\Zemoso_Folder\\Zemoso_practice\\React-zemoso\\blinkist\\src\\pages\\Library\\index.tsx","statementMap":{"0":{"start":{"line":6,"column":23},"end":{"line":16,"column":1}},"1":{"start":{"line":7,"column":2},"end":{"line":15,"column":4}}},"fnMap":{"0":{"name":"(anonymous_0)","decl":{"start":{"line":6,"column":23},"end":{"line":6,"column":24}},"loc":{"start":{"line":6,"column":29},"end":{"line":16,"column":1}},"line":6}},"branchMap":{},"s":{"0":0,"1":0},"f":{"0":0},"b":{}}
,"C:\\Users\\91750\\Documents\\Zemoso_Folder\\Zemoso_practice\\React-zemoso\\blinkist\\src\\theme\\theme.tsx": {"path":"C:\\Users\\91750\\Documents\\Zemoso_Folder\\Zemoso_practice\\React-zemoso\\blinkist\\src\\theme\\theme.tsx","statementMap":{"0":{"start":{"line":3,"column":14},"end":{"line":76,"column":2}}},"fnMap":{},"branchMap":{},"s":{"0":10},"f":{},"b":{},"_coverageSchema":"1a1c01bbd47fc00a2c39e90264f33305004495a9","hash":"6e54f2f8e21d6460533bf85d31b5c2d744f7824a"}
}
