TN:
SF:src\App.tsx
FN:7,App
FNF:1
FNH:0
FNDA:0,App
DA:8,0
LF:1
LH:0
BRF:0
BRH:0
end_of_record
TN:
SF:src\index.tsx
FNF:0
FNH:0
DA:7,0
DA:10,0
DA:19,0
LF:3
LH:0
BRF:0
BRH:0
end_of_record
TN:
SF:src\reportWebVitals.ts
FN:3,(anonymous_0)
FN:5,(anonymous_1)
FNF:2
FNH:0
FNDA:0,(anonymous_0)
FNDA:0,(anonymous_1)
DA:3,0
DA:4,0
DA:5,0
DA:6,0
DA:7,0
DA:8,0
DA:9,0
DA:10,0
LF:8
LH:0
BRDA:4,0,0,0
BRDA:4,0,1,0
BRDA:4,1,0,0
BRDA:4,1,1,0
BRF:4
BRH:0
end_of_record
TN:
SF:src\components\Organisms\BookDetailBody\BookDetailBody.tsx
FN:16,(anonymous_0)
FN:22,(anonymous_1)
FN:107,(anonymous_2)
FN:120,(anonymous_3)
FN:133,(anonymous_4)
FNF:5
FNH:0
FNDA:0,(anonymous_0)
FNDA:0,(anonymous_1)
FNDA:0,(anonymous_2)
FNDA:0,(anonymous_3)
FNDA:0,(anonymous_4)
DA:16,0
DA:17,0
DA:18,0
DA:20,0
DA:22,0
DA:23,0
DA:26,0
DA:107,0
DA:120,0
DA:133,0
LF:10
LH:0
BRDA:113,0,0,0
BRDA:113,0,1,0
BRDA:126,1,0,0
BRDA:126,1,1,0
BRDA:139,2,0,0
BRDA:139,2,1,0
BRDA:162,3,0,0
BRDA:162,3,1,0
BRDA:164,4,0,0
BRDA:164,4,1,0
BRF:10
BRH:0
end_of_record
TN:
SF:src\components\Organisms\BookDetailBody\BookDetails.stories.tsx
FN:12,(anonymous_0)
FNF:1
FNH:0
FNDA:0,(anonymous_0)
DA:12,0
DA:13,0
DA:16,0
DA:17,0
LF:4
LH:0
BRF:0
BRH:0
end_of_record
TN:
SF:src\components\Organisms\CardGrid\CardGrid.tsx
FN:23,(anonymous_0)
FN:27,(anonymous_1)
FNF:2
FNH:2
FNDA:2,(anonymous_0)
FNDA:10,(anonymous_1)
DA:23,2
DA:24,2
DA:28,10
LF:3
LH:3
BRF:0
BRH:0
end_of_record
TN:
SF:src\components\Organisms\CardGrid\cardGrid.stories.tsx
FN:10,(anonymous_0)
FNF:1
FNH:0
FNDA:0,(anonymous_0)
DA:10,0
DA:11,0
DA:14,0
DA:15,0
LF:4
LH:0
BRF:0
BRH:0
end_of_record
TN:
SF:src\components\Organisms\EnterprenureInner\EntrepreneurshipInner.tsx
FN:26,(anonymous_0)
FN:37,(anonymous_1)
FNF:2
FNH:2
FNDA:4,(anonymous_0)
FNDA:13,(anonymous_1)
DA:26,2
DA:27,4
DA:38,13
LF:3
LH:3
BRF:0
BRH:0
end_of_record
TN:
SF:src\components\Organisms\Entrepreneurship\Entrepreneurship.tsx
FN:9,(anonymous_0)
FN:10,(anonymous_1)
FN:11,(anonymous_2)
FN:12,(anonymous_3)
FNF:4
FNH:4
FNDA:1,(anonymous_0)
FNDA:11,(anonymous_1)
FNDA:11,(anonymous_2)
FNDA:11,(anonymous_3)
DA:9,1
DA:10,11
DA:11,11
DA:12,11
DA:14,1
LF:5
LH:5
BRF:0
BRH:0
end_of_record
TN:
SF:src\components\Organisms\Footer\footer.stories.tsx
FN:10,(anonymous_0)
FNF:1
FNH:0
FNDA:0,(anonymous_0)
DA:10,0
DA:11,0
DA:14,0
DA:15,0
LF:4
LH:0
BRF:0
BRH:0
end_of_record
TN:
SF:src\components\Organisms\Footer\footer.tsx
FN:12,(anonymous_0)
FN:51,(anonymous_1)
FN:76,(anonymous_2)
FN:101,(anonymous_3)
FNF:4
FNH:4
FNDA:1,(anonymous_0)
FNDA:4,(anonymous_1)
FNDA:5,(anonymous_2)
FNDA:4,(anonymous_3)
DA:8,1
DA:12,1
DA:13,1
DA:52,4
DA:77,5
DA:102,4
LF:6
LH:6
BRF:0
BRH:0
end_of_record
TN:
SF:src\components\Organisms\LibraryBody\LibraryBody.stories.tsx
FN:10,(anonymous_0)
FNF:1
FNH:0
FNDA:0,(anonymous_0)
DA:10,0
DA:11,0
DA:14,0
DA:15,0
LF:4
LH:0
BRF:0
BRH:0
end_of_record
TN:
SF:src\components\Organisms\LibraryBody\LibraryBody.tsx
FN:10,(anonymous_0)
FN:13,(anonymous_1)
FN:17,(anonymous_2)
FN:22,(anonymous_3)
FN:25,(anonymous_4)
FNF:5
FNH:3
FNDA:1,(anonymous_0)
FNDA:0,(anonymous_1)
FNDA:0,(anonymous_2)
FNDA:11,(anonymous_3)
FNDA:11,(anonymous_4)
DA:10,1
DA:11,1
DA:13,1
DA:14,0
DA:17,1
DA:18,0
DA:21,1
DA:22,11
DA:25,11
DA:27,1
LF:10
LH:8
BRDA:48,0,0,1
BRDA:48,0,1,0
BRDA:56,1,0,0
BRDA:56,1,1,1
BRDA:66,2,0,1
BRDA:66,2,1,0
BRF:6
BRH:3
end_of_record
TN:
SF:src\components\Organisms\NavBannner\NavBanner.tsx
FN:6,(anonymous_0)
FNF:1
FNH:1
FNDA:2,(anonymous_0)
DA:6,2
DA:7,2
LF:2
LH:2
BRF:0
BRH:0
end_of_record
TN:
SF:src\components\Organisms\NavBannner\navBanner.stories.tsx
FN:10,(anonymous_0)
FNF:1
FNH:0
FNDA:0,(anonymous_0)
DA:10,0
DA:11,0
DA:14,0
DA:15,0
LF:4
LH:0
BRF:0
BRH:0
end_of_record
TN:
SF:src\components\Organisms\Navbar\Navbar.stories.tsx
FN:13,(anonymous_0)
FNF:1
FNH:0
FNDA:0,(anonymous_0)
DA:13,0
DA:14,0
DA:17,0
DA:18,0
DA:22,0
DA:23,0
LF:6
LH:0
BRF:0
BRH:0
end_of_record
TN:
SF:src\components\Organisms\Navbar\Navbar.tsx
FN:19,(anonymous_0)
FN:23,(anonymous_1)
FNF:2
FNH:1
FNDA:1,(anonymous_0)
FNDA:0,(anonymous_1)
DA:19,1
DA:20,1
DA:21,1
DA:23,1
DA:24,0
DA:25,0
DA:28,1
LF:7
LH:5
BRDA:24,0,0,0
BRDA:24,0,1,0
BRDA:25,1,0,0
BRDA:25,1,1,0
BRDA:74,2,0,0
BRDA:74,2,1,1
BRDA:92,3,0,0
BRDA:92,3,1,1
BRF:8
BRH:2
end_of_record
TN:
SF:src\components\Organisms\NavbarDropdown\NavbarDropdown.tsx
FN:12,(anonymous_0)
FN:14,(anonymous_1)
FN:77,(anonymous_2)
FNF:3
FNH:2
FNDA:2,(anonymous_0)
FNDA:0,(anonymous_1)
FNDA:18,(anonymous_2)
DA:12,2
DA:13,2
DA:14,1
DA:15,0
DA:18,1
DA:78,18
LF:6
LH:5
BRF:0
BRH:0
end_of_record
TN:
SF:src\components\Organisms\NavbarDropdown\navbarDropdown.stories.tsx
FN:12,(anonymous_0)
FNF:1
FNH:0
FNDA:0,(anonymous_0)
DA:12,0
DA:13,0
DA:16,0
DA:17,0
LF:4
LH:0
BRF:0
BRH:0
end_of_record
TN:
SF:src\components\atoms\Buttons\Button.stories.tsx
FN:34,(anonymous_0)
FNF:1
FNH:0
FNDA:0,(anonymous_0)
DA:34,0
DA:35,0
DA:38,0
DA:39,0
DA:46,0
DA:47,0
DA:54,0
DA:55,0
LF:8
LH:0
BRF:0
BRH:0
end_of_record
TN:
SF:src\components\atoms\Buttons\Button.tsx
FN:25,(anonymous_0)
FNF:1
FNH:1
FNDA:4,(anonymous_0)
DA:25,2
DA:26,4
LF:2
LH:2
BRF:0
BRH:0
end_of_record
TN:
SF:src\components\atoms\IconButtons\IconButton.stories.tsx
FN:36,(anonymous_0)
FNF:1
FNH:0
FNDA:0,(anonymous_0)
DA:36,0
DA:38,0
DA:39,0
DA:44,0
DA:45,0
LF:5
LH:0
BRF:0
BRH:0
end_of_record
TN:
SF:src\components\atoms\IconButtons\IconButton.tsx
FN:18,(anonymous_0)
FNF:1
FNH:1
FNDA:96,(anonymous_0)
DA:18,11
DA:19,96
LF:2
LH:2
BRF:0
BRH:0
end_of_record
TN:
SF:src\components\atoms\Image\Image.stories.tsx
FN:29,(anonymous_0)
FNF:1
FNH:0
FNDA:0,(anonymous_0)
DA:29,0
DA:31,0
DA:32,0
DA:36,0
DA:37,0
DA:41,0
DA:42,0
DA:46,0
DA:47,0
DA:51,0
DA:52,0
DA:56,0
DA:57,0
DA:61,0
DA:62,0
DA:66,0
DA:67,0
DA:71,0
DA:72,0
DA:76,0
DA:77,0
DA:81,0
DA:82,0
DA:86,0
DA:87,0
LF:25
LH:0
BRF:0
BRH:0
end_of_record
TN:
SF:src\components\atoms\Image\Image.tsx
FN:8,(anonymous_0)
FNF:1
FNH:1
FNDA:27,(anonymous_0)
DA:8,8
DA:9,27
DA:11,27
LF:3
LH:3
BRF:0
BRH:0
end_of_record
TN:
SF:src\components\molecules\IconWithText\IconText.stories.tsx
FN:31,(anonymous_0)
FNF:1
FNH:0
FNDA:0,(anonymous_0)
DA:31,0
DA:32,0
DA:35,0
DA:36,0
LF:4
LH:0
BRF:0
BRH:0
end_of_record
TN:
SF:src\components\molecules\IconWithText\IconText.tsx
FN:26,(anonymous_0)
FNF:1
FNH:1
FNDA:19,(anonymous_0)
DA:26,3
DA:27,19
LF:2
LH:2
BRF:0
BRH:0
end_of_record
TN:
SF:src\components\molecules\InfoCards\Infocard.tsx
FN:26,(anonymous_0)
FN:28,(anonymous_1)
FN:34,(anonymous_2)
FNF:3
FNH:2
FNDA:24,(anonymous_0)
FNDA:0,(anonymous_1)
FNDA:24,(anonymous_2)
DA:26,5
DA:27,24
DA:28,24
DA:29,0
DA:34,24
DA:35,24
DA:37,23
DA:56,0
DA:77,1
DA:112,0
DA:136,0
DA:172,0
DA:176,24
LF:13
LH:8
BRDA:35,0,0,23
BRDA:35,0,1,0
BRDA:35,0,2,1
BRDA:35,0,3,0
BRDA:35,0,4,0
BRDA:35,0,5,0
BRF:6
BRH:2
end_of_record
TN:
SF:src\components\molecules\InfoCards\infoCard.stories.tsx
FN:24,(anonymous_0)
FNF:1
FNH:0
FNDA:0,(anonymous_0)
DA:24,0
DA:25,0
DA:28,0
DA:29,0
LF:4
LH:0
BRF:0
BRH:0
end_of_record
TN:
SF:src\components\molecules\SearchBar\Searchbar.tsx
FN:19,(anonymous_0)
FNF:1
FNH:1
FNDA:2,(anonymous_0)
DA:11,2
DA:19,2
DA:20,2
LF:3
LH:3
BRF:0
BRH:0
end_of_record
TN:
SF:src\components\molecules\SearchBar\searchbar.stories.tsx
FN:14,(anonymous_0)
FNF:1
FNH:0
FNDA:0,(anonymous_0)
DA:14,0
DA:15,0
DA:18,0
DA:19,0
LF:4
LH:0
BRF:0
BRH:0
end_of_record
TN:
SF:src\components\molecules\SimpleButton.tsx\SimpleButton.tsx
FN:16,(anonymous_0)
FN:17,(anonymous_1)
FNF:2
FNH:2
FNDA:72,(anonymous_0)
FNDA:72,(anonymous_1)
DA:16,6
DA:17,72
DA:18,72
DA:20,0
DA:36,1
DA:52,23
DA:76,0
DA:101,48
DA:121,0
DA:145,72
LF:10
LH:7
BRDA:18,0,0,0
BRDA:18,0,1,1
BRDA:18,0,2,23
BRDA:18,0,3,0
BRDA:18,0,4,48
BRDA:18,0,5,0
BRF:6
BRH:3
end_of_record
TN:
SF:src\components\molecules\SimpleButton.tsx\simpleButton.stories.tsx
FN:20,(anonymous_0)
FNF:1
FNH:0
FNDA:0,(anonymous_0)
DA:20,0
DA:21,0
DA:24,0
DA:25,0
DA:30,0
DA:31,0
DA:36,0
DA:37,0
DA:43,0
DA:44,0
DA:50,0
DA:51,0
LF:12
LH:0
BRF:0
BRH:0
end_of_record
TN:
SF:src\components\molecules\UnderlinedButton\UnderlineButton.tsx
FN:16,(anonymous_0)
FN:17,(anonymous_1)
FNF:2
FNH:2
FNDA:4,(anonymous_0)
FNDA:4,(anonymous_1)
DA:16,2
DA:17,4
DA:18,4
DA:20,1
DA:43,0
DA:66,0
DA:89,3
DA:112,0
DA:135,4
LF:9
LH:6
BRDA:18,0,0,1
BRDA:18,0,1,0
BRDA:18,0,2,0
BRDA:18,0,3,3
BRDA:18,0,4,0
BRF:5
BRH:2
end_of_record
TN:
SF:src\components\molecules\UnderlinedButton\underlinebutton.stories.tsx
FN:19,(anonymous_0)
FNF:1
FNH:0
FNDA:0,(anonymous_0)
DA:19,0
DA:20,0
DA:23,0
DA:24,0
DA:29,0
DA:30,0
DA:35,0
DA:36,0
DA:41,0
DA:42,0
DA:47,0
DA:48,0
LF:12
LH:0
BRF:0
BRH:0
end_of_record
TN:
SF:src\components\templates\BookDetails\BookDetail.tsx
FN:9,(anonymous_0)
FNF:1
FNH:0
FNDA:0,(anonymous_0)
DA:9,0
DA:10,0
LF:2
LH:0
BRF:0
BRH:0
end_of_record
TN:
SF:src\components\templates\BookDetails\bookDetail.stories.tsx
FN:14,(anonymous_0)
FNF:1
FNH:0
FNDA:0,(anonymous_0)
DA:14,0
DA:15,0
DA:18,0
DA:19,0
LF:4
LH:0
BRF:0
BRH:0
end_of_record
TN:
SF:src\components\templates\Entrapreneurpage\Entrapreneur.tsx
FN:9,(anonymous_0)
FNF:1
FNH:0
FNDA:0,(anonymous_0)
DA:9,0
DA:10,0
LF:2
LH:0
BRF:0
BRH:0
end_of_record
TN:
SF:src\components\templates\Entrapreneurpage\enreapreneur.stories.tsx
FN:14,(anonymous_0)
FNF:1
FNH:0
FNDA:0,(anonymous_0)
DA:14,0
DA:15,0
DA:18,0
DA:19,0
LF:4
LH:0
BRF:0
BRH:0
end_of_record
TN:
SF:src\components\templates\LibraryPage\LibraryPage.tsx
FN:9,(anonymous_0)
FNF:1
FNH:0
FNDA:0,(anonymous_0)
DA:9,0
DA:10,0
LF:2
LH:0
BRF:0
BRH:0
end_of_record
TN:
SF:src\components\templates\LibraryPage\Librarypage.stories.tsx
FN:14,(anonymous_0)
FNF:1
FNH:0
FNDA:0,(anonymous_0)
DA:14,0
DA:15,0
DA:18,0
DA:19,0
LF:4
LH:0
BRF:0
BRH:0
end_of_record
TN:
SF:src\data\BookDescription.tsx
FNF:0
FNH:0
DA:1,0
LF:1
LH:0
BRF:0
BRH:0
end_of_record
TN:
SF:src\data\BooksDetails.tsx
FNF:0
FNH:0
DA:12,2
LF:1
LH:1
BRF:0
BRH:0
end_of_record
TN:
SF:src\data\NavDropdownData.tsx
FNF:0
FNH:0
DA:20,2
LF:1
LH:1
BRF:0
BRH:0
end_of_record
TN:
SF:src\data\NavFooterData.tsx
FNF:0
FNH:0
DA:1,1
LF:1
LH:1
BRF:0
BRH:0
end_of_record
TN:
SF:src\pages\BookDetails\index.tsx
FN:6,(anonymous_0)
FNF:1
FNH:0
FNDA:0,(anonymous_0)
DA:6,0
DA:7,0
LF:2
LH:0
BRF:0
BRH:0
end_of_record
TN:
SF:src\pages\Entrepreneure\index.tsx
FN:6,(anonymous_0)
FNF:1
FNH:0
FNDA:0,(anonymous_0)
DA:6,0
DA:7,0
LF:2
LH:0
BRF:0
BRH:0
end_of_record
TN:
SF:src\pages\Library\index.tsx
FN:6,(anonymous_0)
FNF:1
FNH:0
FNDA:0,(anonymous_0)
DA:6,0
DA:7,0
LF:2
LH:0
BRF:0
BRH:0
end_of_record
TN:
SF:src\theme\theme.tsx
FNF:0
FNH:0
DA:3,10
LF:1
LH:1
BRF:0
BRH:0
end_of_record
